<?xml version="1.0" encoding="UTF-8"?>
<coverage generated="1690554237017" clover="3.2.0">
  <project timestamp="1690554237017" name="All files">
    <metrics statements="205" coveredstatements="186" conditionals="55" coveredconditionals="52" methods="39" coveredmethods="35" elements="299" coveredelements="273" complexity="0" loc="205" ncloc="205" packages="1" files="9" classes="9"/>
    <file name="BoardFeatures.jsx" path="C:\GitHub\MinesweeperReact\MinesweeperReact\src\components\BoardFeatures.jsx">
      <metrics statements="11" coveredstatements="10" conditionals="4" coveredconditionals="3" methods="2" coveredmethods="2"/>
      <line num="2" count="1" type="stmt"/>
      <line num="3" count="1" type="stmt"/>
      <line num="4" count="109" type="stmt"/>
      <line num="5" count="109" type="stmt"/>
      <line num="6" count="109" type="cond" truecount="2" falsecount="0"/>
      <line num="7" count="6" type="stmt"/>
      <line num="8" count="103" type="cond" truecount="1" falsecount="1"/>
      <line num="9" count="103" type="stmt"/>
      <line num="11" count="0" type="stmt"/>
      <line num="14" count="109" type="stmt"/>
      <line num="16" count="109" type="stmt"/>
    </file>
    <file name="BoardLogic.js" path="C:\GitHub\MinesweeperReact\MinesweeperReact\src\components\BoardLogic.js">
      <metrics statements="9" coveredstatements="9" conditionals="6" coveredconditionals="6" methods="6" coveredmethods="6"/>
      <line num="2" count="1" type="stmt"/>
      <line num="3" count="1" type="stmt"/>
      <line num="5" count="109" type="stmt"/>
      <line num="6" count="1090" type="stmt"/>
      <line num="9" count="12140" type="stmt"/>
      <line num="13" count="368" type="stmt"/>
      <line num="14" count="368" type="cond" truecount="4" falsecount="0"/>
      <line num="18" count="95" type="stmt"/>
      <line num="19" count="457" type="cond" truecount="2" falsecount="0"/>
    </file>
    <file name="Constants.jsx" path="C:\GitHub\MinesweeperReact\MinesweeperReact\src\components\Constants.jsx">
      <metrics statements="7" coveredstatements="7" conditionals="0" coveredconditionals="0" methods="0" coveredmethods="0"/>
      <line num="2" count="1" type="stmt"/>
      <line num="3" count="1362" type="stmt"/>
      <line num="4" count="1362" type="stmt"/>
      <line num="5" count="1471" type="stmt"/>
      <line num="6" count="1" type="stmt"/>
      <line num="7" count="782" type="stmt"/>
      <line num="8" count="368" type="stmt"/>
    </file>
    <file name="HelloWorld.jsx" path="C:\GitHub\MinesweeperReact\MinesweeperReact\src\components\HelloWorld.jsx">
      <metrics statements="4" coveredstatements="4" conditionals="0" coveredconditionals="0" methods="1" coveredmethods="1"/>
      <line num="2" count="1" type="stmt"/>
      <line num="3" count="1" type="stmt"/>
      <line num="4" count="1" type="stmt"/>
      <line num="8" count="1" type="stmt"/>
    </file>
    <file name="MinesLogic.js" path="C:\GitHub\MinesweeperReact\MinesweeperReact\src\components\MinesLogic.js">
      <metrics statements="29" coveredstatements="22" conditionals="6" coveredconditionals="6" methods="4" coveredmethods="2"/>
      <line num="1" count="1" type="stmt"/>
      <line num="2" count="1" type="stmt"/>
      <line num="3" count="1" type="stmt"/>
      <line num="6" count="109" type="stmt"/>
      <line num="7" count="109" type="stmt"/>
      <line num="8" count="109" type="stmt"/>
      <line num="9" count="1144" type="stmt"/>
      <line num="10" count="1144" type="stmt"/>
      <line num="11" count="1144" type="stmt"/>
      <line num="13" count="1144" type="cond" truecount="1" falsecount="0"/>
      <line num="14" count="1090" type="stmt"/>
      <line num="17" count="109" type="stmt"/>
      <line num="20" count="41" type="stmt"/>
      <line num="21" count="41" type="stmt"/>
      <line num="23" count="41" type="stmt"/>
      <line num="24" count="328" type="stmt"/>
      <line num="25" count="328" type="stmt"/>
      <line num="26" count="328" type="stmt"/>
      <line num="28" count="328" type="cond" truecount="3" falsecount="0"/>
      <line num="29" count="95" type="stmt"/>
      <line num="32" count="41" type="cond" truecount="2" falsecount="0"/>
      <line num="35" count="1" type="stmt"/>
      <line num="36" count="0" type="stmt"/>
      <line num="37" count="0" type="stmt"/>
      <line num="38" count="0" type="stmt"/>
      <line num="39" count="0" type="stmt"/>
      <line num="40" count="0" type="stmt"/>
      <line num="43" count="0" type="stmt"/>
      <line num="44" count="0" type="stmt"/>
    </file>
    <file name="Minesweeper.jsx" path="C:\GitHub\MinesweeperReact\MinesweeperReact\src\components\Minesweeper.jsx">
      <metrics statements="126" coveredstatements="115" conditionals="30" coveredconditionals="29" methods="21" coveredmethods="19"/>
      <line num="2" count="1" type="stmt"/>
      <line num="3" count="1" type="stmt"/>
      <line num="4" count="1" type="stmt"/>
      <line num="5" count="1" type="stmt"/>
      <line num="6" count="1" type="stmt"/>
      <line num="7" count="1" type="stmt"/>
      <line num="8" count="1" type="stmt"/>
      <line num="9" count="1" type="stmt"/>
      <line num="18" count="0" type="stmt"/>
      <line num="20" count="109" type="stmt"/>
      <line num="22" count="109" type="stmt"/>
      <line num="24" count="109" type="stmt"/>
      <line num="26" count="109" type="stmt"/>
      <line num="28" count="109" type="stmt"/>
      <line num="30" count="109" type="stmt"/>
      <line num="32" count="109" type="stmt"/>
      <line num="34" count="109" type="stmt"/>
      <line num="36" count="109" type="stmt"/>
      <line num="38" count="33" type="cond" truecount="2" falsecount="0"/>
      <line num="39" count="33" type="stmt"/>
      <line num="42" count="109" type="stmt"/>
      <line num="43" count="0" type="stmt"/>
      <line num="44" count="0" type="stmt"/>
      <line num="45" count="0" type="stmt"/>
      <line num="46" count="0" type="stmt"/>
      <line num="47" count="0" type="stmt"/>
      <line num="48" count="0" type="stmt"/>
      <line num="49" count="0" type="stmt"/>
      <line num="53" count="109" type="stmt"/>
      <line num="54" count="17" type="cond" truecount="2" falsecount="0"/>
      <line num="57" count="109" type="stmt"/>
      <line num="58" count="20" type="stmt"/>
      <line num="59" count="20" type="cond" truecount="3" falsecount="0"/>
      <line num="60" count="8" type="stmt"/>
      <line num="61" count="8" type="stmt"/>
      <line num="62" count="8" type="stmt"/>
      <line num="64" count="8" type="cond" truecount="1" falsecount="0"/>
      <line num="65" count="5" type="stmt"/>
      <line num="66" count="40" type="stmt"/>
      <line num="67" count="40" type="stmt"/>
      <line num="69" count="40" type="cond" truecount="1" falsecount="0"/>
      <line num="73" count="19" type="stmt"/>
      <line num="78" count="20" type="stmt"/>
      <line num="79" count="20" type="stmt"/>
      <line num="82" count="109" type="stmt"/>
      <line num="83" count="29" type="stmt"/>
      <line num="84" count="29" type="stmt"/>
      <line num="85" count="29" type="stmt"/>
      <line num="88" count="109" type="stmt"/>
      <line num="89" count="16" type="cond" truecount="1" falsecount="0"/>
      <line num="90" count="16" type="stmt"/>
      <line num="91" count="16" type="stmt"/>
      <line num="95" count="109" type="stmt"/>
      <line num="96" count="31" type="stmt"/>
      <line num="97" count="31" type="cond" truecount="1" falsecount="0"/>
      <line num="98" count="29" type="cond" truecount="2" falsecount="0"/>
      <line num="99" count="9" type="stmt"/>
      <line num="100" count="9" type="stmt"/>
      <line num="101" count="20" type="cond" truecount="2" falsecount="0"/>
      <line num="102" count="4" type="stmt"/>
      <line num="104" count="16" type="stmt"/>
      <line num="105" count="16" type="stmt"/>
      <line num="109" count="109" type="stmt"/>
      <line num="110" count="17" type="cond" truecount="1" falsecount="0"/>
      <line num="111" count="2" type="stmt"/>
      <line num="115" count="109" type="stmt"/>
      <line num="116" count="17" type="stmt"/>
      <line num="117" count="17" type="stmt"/>
      <line num="118" count="17" type="stmt"/>
      <line num="119" count="17" type="cond" truecount="1" falsecount="1"/>
      <line num="120" count="0" type="stmt"/>
      <line num="121" count="0" type="stmt"/>
      <line num="122" count="0" type="stmt"/>
      <line num="124" count="17" type="stmt"/>
      <line num="125" count="17" type="cond" truecount="2" falsecount="0"/>
      <line num="126" count="16" type="stmt"/>
      <line num="127" count="16" type="stmt"/>
      <line num="128" count="16" type="stmt"/>
      <line num="130" count="1" type="stmt"/>
      <line num="132" count="17" type="stmt"/>
      <line num="133" count="17" type="stmt"/>
      <line num="134" count="17" type="stmt"/>
      <line num="135" count="17" type="cond" truecount="2" falsecount="0"/>
      <line num="139" count="109" type="stmt"/>
      <line num="140" count="29" type="stmt"/>
      <line num="141" count="29" type="stmt"/>
      <line num="142" count="29" type="stmt"/>
      <line num="143" count="54" type="stmt"/>
      <line num="144" count="54" type="stmt"/>
      <line num="145" count="586" type="cond" truecount="3" falsecount="0"/>
      <line num="146" count="133" type="stmt"/>
      <line num="149" count="54" type="stmt"/>
      <line num="151" count="29" type="stmt"/>
      <line num="154" count="109" type="stmt"/>
      <line num="155" count="30" type="stmt"/>
      <line num="156" count="30" type="stmt"/>
      <line num="157" count="30" type="stmt"/>
      <line num="158" count="30" type="stmt"/>
      <line num="159" count="30" type="stmt"/>
      <line num="160" count="30" type="stmt"/>
      <line num="161" count="30" type="stmt"/>
      <line num="163" count="30" type="cond" truecount="2" falsecount="0"/>
      <line num="165" count="30" type="stmt"/>
      <line num="166" count="30" type="stmt"/>
      <line num="167" count="57" type="stmt"/>
      <line num="168" count="57" type="stmt"/>
      <line num="169" count="57" type="stmt"/>
      <line num="170" count="142" type="cond" truecount="1" falsecount="0"/>
      <line num="171" count="63" type="stmt"/>
      <line num="172" count="63" type="stmt"/>
      <line num="174" count="142" type="stmt"/>
      <line num="176" count="57" type="stmt"/>
      <line num="179" count="30" type="stmt"/>
      <line num="180" count="30" type="stmt"/>
      <line num="181" count="30" type="stmt"/>
      <line num="182" count="30" type="stmt"/>
      <line num="183" count="30" type="stmt"/>
      <line num="186" count="109" type="stmt"/>
      <line num="187" count="30" type="stmt"/>
      <line num="197" count="463" type="stmt"/>
      <line num="198" count="3619" type="stmt"/>
      <line num="199" count="3619" type="stmt"/>
      <line num="201" count="3619" type="stmt"/>
      <line num="205" count="17" type="stmt"/>
      <line num="206" count="31" type="stmt"/>
      <line num="228" count="1" type="stmt"/>
    </file>
    <file name="MockDataLoader.jsx" path="C:\GitHub\MinesweeperReact\MinesweeperReact\src\components\MockDataLoader.jsx">
      <metrics statements="10" coveredstatements="10" conditionals="0" coveredconditionals="0" methods="3" coveredmethods="3"/>
      <line num="2" count="1" type="stmt"/>
      <line num="4" count="109" type="stmt"/>
      <line num="5" count="139" type="stmt"/>
      <line num="7" count="139" type="stmt"/>
      <line num="8" count="30" type="stmt"/>
      <line num="9" count="30" type="stmt"/>
      <line num="10" count="30" type="stmt"/>
      <line num="14" count="139" type="stmt"/>
      <line num="22" count="30" type="stmt"/>
      <line num="41" count="1" type="stmt"/>
    </file>
    <file name="Tile.jsx" path="C:\GitHub\MinesweeperReact\MinesweeperReact\src\components\Tile.jsx">
      <metrics statements="4" coveredstatements="4" conditionals="6" coveredconditionals="6" methods="1" coveredmethods="1"/>
      <line num="2" count="1" type="stmt"/>
      <line num="3" count="3728" type="stmt"/>
      <line num="4" count="3728" type="cond" truecount="6" falsecount="0"/>
      <line num="6" count="3728" type="stmt"/>
    </file>
    <file name="WinnerModal.jsx" path="C:\GitHub\MinesweeperReact\MinesweeperReact\src\components\WinnerModal.jsx">
      <metrics statements="5" coveredstatements="5" conditionals="3" coveredconditionals="2" methods="1" coveredmethods="1"/>
      <line num="1" count="1" type="stmt"/>
      <line num="2" count="109" type="stmt"/>
      <line num="3" count="109" type="cond" truecount="1" falsecount="0"/>
      <line num="5" count="6" type="cond" truecount="1" falsecount="1"/>
      <line num="6" count="6" type="stmt"/>
    </file>
  </project>
</coverage>
