{"C:\\GitHub\\MinesweeperReact\\MinesweeperReact\\src\\components\\BoardFeatures.jsx": {"path":"C:\\GitHub\\MinesweeperReact\\MinesweeperReact\\src\\components\\BoardFeatures.jsx","statementMap":{"0":{"start":{"line":4,"column":16},"end":{"line":4,"column":31}},"1":{"start":{"line":2,"column":18},"end":{"line":2,"column":null}},"2":{"start":{"line":3,"column":21},"end":{"line":3,"column":null}},"3":{"start":{"line":5,"column":26},"end":{"line":13,"column":null}},"4":{"start":{"line":6,"column":6},"end":{"line":12,"column":null}},"5":{"start":{"line":7,"column":10},"end":{"line":7,"column":null}},"6":{"start":{"line":8,"column":15},"end":{"line":12,"column":null}},"7":{"start":{"line":9,"column":10},"end":{"line":9,"column":null}},"8":{"start":{"line":11,"column":10},"end":{"line":11,"column":null}},"9":{"start":{"line":14,"column":20},"end":{"line":14,"column":null}},"10":{"start":{"line":16,"column":4},"end":{"line":35,"column":null}}},"fnMap":{"0":{"name":"BoardFeatures","decl":{"start":{"line":4,"column":16},"end":{"line":4,"column":31}},"loc":{"start":{"line":4,"column":84},"end":{"line":39,"column":null}}},"1":{"name":"(anonymous_3)","decl":{"start":{"line":5,"column":26},"end":{"line":5,"column":27}},"loc":{"start":{"line":5,"column":27},"end":{"line":13,"column":null}}}},"branchMap":{"0":{"loc":{"start":{"line":6,"column":6},"end":{"line":12,"column":null}},"type":"if","locations":[{"start":{"line":6,"column":6},"end":{"line":12,"column":null}},{"start":{"line":8,"column":15},"end":{"line":12,"column":null}}]},"1":{"loc":{"start":{"line":8,"column":15},"end":{"line":12,"column":null}},"type":"if","locations":[{"start":{"line":8,"column":15},"end":{"line":12,"column":null}},{"start":{"line":10,"column":15},"end":{"line":12,"column":null}}]}},"s":{"0":109,"1":1,"2":1,"3":109,"4":109,"5":6,"6":103,"7":103,"8":0,"9":109,"10":109},"f":{"0":109,"1":109},"b":{"0":[6,103],"1":[103,0]}}
,"C:\\GitHub\\MinesweeperReact\\MinesweeperReact\\src\\components\\BoardLogic.js": {"path":"C:\\GitHub\\MinesweeperReact\\MinesweeperReact\\src\\components\\BoardLogic.js","statementMap":{"0":{"start":{"line":5,"column":13},"end":{"line":5,"column":24}},"1":{"start":{"line":9,"column":13},"end":{"line":9,"column":30}},"2":{"start":{"line":13,"column":13},"end":{"line":13,"column":24}},"3":{"start":{"line":18,"column":16},"end":{"line":18,"column":26}},"4":{"start":{"line":2,"column":18},"end":{"line":2,"column":null}},"5":{"start":{"line":3,"column":38},"end":{"line":3,"column":null}},"6":{"start":{"line":5,"column":27},"end":{"line":7,"column":null}},"7":{"start":{"line":6,"column":2},"end":{"line":6,"column":null}},"8":{"start":{"line":6,"column":47},"end":{"line":6,"column":null}},"9":{"start":{"line":9,"column":33},"end":{"line":11,"column":null}},"10":{"start":{"line":13,"column":27},"end":{"line":15,"column":null}},"11":{"start":{"line":14,"column":2},"end":{"line":14,"column":null}},"12":{"start":{"line":19,"column":2},"end":{"line":19,"column":null}},"13":{"start":{"line":19,"column":26},"end":{"line":19,"column":null}}},"fnMap":{"0":{"name":"(anonymous_6)","decl":{"start":{"line":5,"column":27},"end":{"line":5,"column":28}},"loc":{"start":{"line":5,"column":49},"end":{"line":7,"column":null}}},"1":{"name":"(anonymous_7)","decl":{"start":{"line":6,"column":41},"end":{"line":6,"column":47}},"loc":{"start":{"line":6,"column":47},"end":{"line":6,"column":null}}},"2":{"name":"(anonymous_8)","decl":{"start":{"line":9,"column":33},"end":{"line":9,"column":34}},"loc":{"start":{"line":9,"column":44},"end":{"line":11,"column":null}}},"3":{"name":"(anonymous_9)","decl":{"start":{"line":13,"column":27},"end":{"line":13,"column":28}},"loc":{"start":{"line":13,"column":60},"end":{"line":15,"column":null}}},"4":{"name":"cloneBoard","decl":{"start":{"line":18,"column":16},"end":{"line":18,"column":26}},"loc":{"start":{"line":18,"column":32},"end":{"line":20,"column":null}}},"5":{"name":"(anonymous_11)","decl":{"start":{"line":19,"column":19},"end":{"line":19,"column":26}},"loc":{"start":{"line":19,"column":26},"end":{"line":19,"column":null}}}},"branchMap":{"0":{"loc":{"start":{"line":14,"column":9},"end":{"line":14,"column":null}},"type":"binary-expr","locations":[{"start":{"line":14,"column":9},"end":{"line":14,"column":26}},{"start":{"line":14,"column":26},"end":{"line":14,"column":48}},{"start":{"line":14,"column":48},"end":{"line":14,"column":68}},{"start":{"line":14,"column":68},"end":{"line":14,"column":null}}]},"1":{"loc":{"start":{"line":19,"column":26},"end":{"line":19,"column":null}},"type":"cond-expr","locations":[{"start":{"line":19,"column":47},"end":{"line":19,"column":65}},{"start":{"line":19,"column":65},"end":{"line":19,"column":null}}]}},"s":{"0":109,"1":12140,"2":368,"3":95,"4":1,"5":1,"6":1,"7":109,"8":1090,"9":1,"10":1,"11":368,"12":239,"13":457},"f":{"0":109,"1":1090,"2":12140,"3":368,"4":239,"5":457},"b":{"0":[368,320,248,241],"1":[144,313]}}
,"C:\\GitHub\\MinesweeperReact\\MinesweeperReact\\src\\components\\Constants.jsx": {"path":"C:\\GitHub\\MinesweeperReact\\MinesweeperReact\\src\\components\\Constants.jsx","statementMap":{"0":{"start":{"line":3,"column":13},"end":{"line":3,"column":21}},"1":{"start":{"line":4,"column":13},"end":{"line":4,"column":24}},"2":{"start":{"line":5,"column":13},"end":{"line":5,"column":22}},"3":{"start":{"line":6,"column":13},"end":{"line":6,"column":27}},"4":{"start":{"line":7,"column":13},"end":{"line":7,"column":30}},"5":{"start":{"line":8,"column":13},"end":{"line":8,"column":30}},"6":{"start":{"line":2,"column":18},"end":{"line":2,"column":null}},"7":{"start":{"line":3,"column":24},"end":{"line":3,"column":null}},"8":{"start":{"line":4,"column":27},"end":{"line":4,"column":null}},"9":{"start":{"line":5,"column":25},"end":{"line":5,"column":null}},"10":{"start":{"line":6,"column":30},"end":{"line":6,"column":null}},"11":{"start":{"line":7,"column":33},"end":{"line":7,"column":null}},"12":{"start":{"line":8,"column":33},"end":{"line":8,"column":null}}},"fnMap":{},"branchMap":{},"s":{"0":1362,"1":1362,"2":1471,"3":0,"4":782,"5":368,"6":1,"7":1,"8":1,"9":1,"10":1,"11":1,"12":1},"f":{},"b":{}}
,"C:\\GitHub\\MinesweeperReact\\MinesweeperReact\\src\\components\\HelloWorld.jsx": {"path":"C:\\GitHub\\MinesweeperReact\\MinesweeperReact\\src\\components\\HelloWorld.jsx","statementMap":{"0":{"start":{"line":3,"column":13},"end":{"line":3,"column":23}},"1":{"start":{"line":8,"column":0},"end":{"line":8,"column":15}},"2":{"start":{"line":2,"column":18},"end":{"line":2,"column":null}},"3":{"start":{"line":3,"column":26},"end":{"line":7,"column":null}},"4":{"start":{"line":4,"column":4},"end":{"line":5,"column":null}},"5":{"start":{"line":8,"column":15},"end":{"line":8,"column":25}}},"fnMap":{"0":{"name":"(anonymous_4)","decl":{"start":{"line":3,"column":26},"end":{"line":3,"column":null}},"loc":{"start":{"line":3,"column":26},"end":{"line":7,"column":null}}}},"branchMap":{},"s":{"0":1,"1":0,"2":1,"3":1,"4":1,"5":1},"f":{"0":1},"b":{}}
,"C:\\GitHub\\MinesweeperReact\\MinesweeperReact\\src\\components\\MinesLogic.js": {"path":"C:\\GitHub\\MinesweeperReact\\MinesweeperReact\\src\\components\\MinesLogic.js","statementMap":{"0":{"start":{"line":6,"column":13},"end":{"line":6,"column":21}},"1":{"start":{"line":20,"column":13},"end":{"line":20,"column":31}},"2":{"start":{"line":35,"column":13},"end":{"line":35,"column":27}},"3":{"start":{"line":1,"column":18},"end":{"line":1,"column":null}},"4":{"start":{"line":2,"column":47},"end":{"line":2,"column":null}},"5":{"start":{"line":3,"column":87},"end":{"line":3,"column":null}},"6":{"start":{"line":6,"column":24},"end":{"line":18,"column":null}},"7":{"start":{"line":7,"column":29},"end":{"line":7,"column":31}},"8":{"start":{"line":8,"column":4},"end":{"line":16,"column":null}},"9":{"start":{"line":8,"column":20},"end":{"line":8,"column":23}},"10":{"start":{"line":9,"column":23},"end":{"line":9,"column":null}},"11":{"start":{"line":10,"column":26},"end":{"line":10,"column":null}},"12":{"start":{"line":11,"column":29},"end":{"line":11,"column":null}},"13":{"start":{"line":13,"column":6},"end":{"line":15,"column":null}},"14":{"start":{"line":14,"column":8},"end":{"line":14,"column":null}},"15":{"start":{"line":17,"column":4},"end":{"line":17,"column":null}},"16":{"start":{"line":20,"column":34},"end":{"line":33,"column":null}},"17":{"start":{"line":21,"column":20},"end":{"line":21,"column":null}},"18":{"start":{"line":23,"column":4},"end":{"line":31,"column":null}},"19":{"start":{"line":23,"column":25},"end":{"line":23,"column":28}},"20":{"start":{"line":24,"column":21},"end":{"line":24,"column":55}},"21":{"start":{"line":25,"column":24},"end":{"line":25,"column":61}},"22":{"start":{"line":26,"column":28},"end":{"line":26,"column":null}},"23":{"start":{"line":28,"column":6},"end":{"line":30,"column":null}},"24":{"start":{"line":29,"column":10},"end":{"line":29,"column":null}},"25":{"start":{"line":32,"column":4},"end":{"line":32,"column":null}},"26":{"start":{"line":35,"column":30},"end":{"line":45,"column":null}},"27":{"start":{"line":36,"column":24},"end":{"line":36,"column":null}},"28":{"start":{"line":37,"column":0},"end":{"line":42,"column":null}},"29":{"start":{"line":38,"column":14},"end":{"line":38,"column":null}},"30":{"start":{"line":39,"column":17},"end":{"line":39,"column":null}},"31":{"start":{"line":40,"column":4},"end":{"line":40,"column":null}},"32":{"start":{"line":43,"column":0},"end":{"line":43,"column":null}},"33":{"start":{"line":44,"column":0},"end":{"line":44,"column":null}}},"fnMap":{"0":{"name":"(anonymous_5)","decl":{"start":{"line":6,"column":24},"end":{"line":6,"column":null}},"loc":{"start":{"line":6,"column":24},"end":{"line":18,"column":null}}},"1":{"name":"(anonymous_6)","decl":{"start":{"line":20,"column":34},"end":{"line":20,"column":35}},"loc":{"start":{"line":20,"column":66},"end":{"line":33,"column":null}}},"2":{"name":"(anonymous_7)","decl":{"start":{"line":35,"column":30},"end":{"line":35,"column":31}},"loc":{"start":{"line":35,"column":82},"end":{"line":45,"column":null}}},"3":{"name":"(anonymous_8)","decl":{"start":{"line":37,"column":25},"end":{"line":37,"column":null}},"loc":{"start":{"line":37,"column":25},"end":{"line":42,"column":null}}}},"branchMap":{"0":{"loc":{"start":{"line":13,"column":6},"end":{"line":15,"column":null}},"type":"if","locations":[{"start":{"line":13,"column":6},"end":{"line":15,"column":null}}]},"1":{"loc":{"start":{"line":28,"column":6},"end":{"line":30,"column":null}},"type":"if","locations":[{"start":{"line":28,"column":6},"end":{"line":30,"column":null}}]},"2":{"loc":{"start":{"line":28,"column":10},"end":{"line":28,"column":117}},"type":"binary-expr","locations":[{"start":{"line":28,"column":10},"end":{"line":28,"column":75}},{"start":{"line":28,"column":75},"end":{"line":28,"column":117}}]},"3":{"loc":{"start":{"line":32,"column":11},"end":{"line":32,"column":null}},"type":"cond-expr","locations":[{"start":{"line":32,"column":29},"end":{"line":32,"column":36}},{"start":{"line":32,"column":36},"end":{"line":32,"column":null}}]}},"s":{"0":109,"1":41,"2":0,"3":1,"4":1,"5":1,"6":1,"7":109,"8":109,"9":109,"10":1144,"11":1144,"12":1144,"13":1144,"14":1090,"15":109,"16":1,"17":41,"18":41,"19":41,"20":328,"21":328,"22":328,"23":328,"24":95,"25":41,"26":1,"27":0,"28":0,"29":0,"30":0,"31":0,"32":0,"33":0},"f":{"0":109,"1":41,"2":0,"3":0},"b":{"0":[1090],"1":[95],"2":[328,178],"3":[6,35]}}
,"C:\\GitHub\\MinesweeperReact\\MinesweeperReact\\src\\components\\Minesweeper.jsx": {"path":"C:\\GitHub\\MinesweeperReact\\MinesweeperReact\\src\\components\\Minesweeper.jsx","statementMap":{"0":{"start":{"line":18,"column":16},"end":{"line":18,"column":27}},"1":{"start":{"line":2,"column":43},"end":{"line":2,"column":null}},"2":{"start":{"line":3,"column":21},"end":{"line":3,"column":null}},"3":{"start":{"line":4,"column":27},"end":{"line":4,"column":null}},"4":{"start":{"line":5,"column":102},"end":{"line":5,"column":null}},"5":{"start":{"line":6,"column":72},"end":{"line":6,"column":null}},"6":{"start":{"line":7,"column":30},"end":{"line":7,"column":null}},"7":{"start":{"line":8,"column":61},"end":{"line":8,"column":null}},"8":{"start":{"line":9,"column":31},"end":{"line":9,"column":null}},"9":{"start":{"line":20,"column":50},"end":{"line":20,"column":null}},"10":{"start":{"line":22,"column":40},"end":{"line":22,"column":null}},"11":{"start":{"line":24,"column":38},"end":{"line":24,"column":null}},"12":{"start":{"line":26,"column":42},"end":{"line":26,"column":null}},"13":{"start":{"line":28,"column":28},"end":{"line":28,"column":null}},"14":{"start":{"line":30,"column":50},"end":{"line":30,"column":null}},"15":{"start":{"line":32,"column":30},"end":{"line":32,"column":null}},"16":{"start":{"line":34,"column":32},"end":{"line":34,"column":null}},"17":{"start":{"line":36,"column":2},"end":{"line":40,"column":null}},"18":{"start":{"line":38,"column":6},"end":{"line":38,"column":null}},"19":{"start":{"line":38,"column":41},"end":{"line":38,"column":66}},"20":{"start":{"line":39,"column":4},"end":{"line":39,"column":null}},"21":{"start":{"line":39,"column":17},"end":{"line":39,"column":null}},"22":{"start":{"line":42,"column":20},"end":{"line":51,"column":null}},"23":{"start":{"line":43,"column":4},"end":{"line":43,"column":null}},"24":{"start":{"line":44,"column":4},"end":{"line":44,"column":null}},"25":{"start":{"line":45,"column":4},"end":{"line":45,"column":null}},"26":{"start":{"line":46,"column":4},"end":{"line":46,"column":null}},"27":{"start":{"line":47,"column":4},"end":{"line":47,"column":null}},"28":{"start":{"line":48,"column":4},"end":{"line":48,"column":null}},"29":{"start":{"line":49,"column":4},"end":{"line":49,"column":null}},"30":{"start":{"line":53,"column":19},"end":{"line":55,"column":null}},"31":{"start":{"line":54,"column":4},"end":{"line":54,"column":null}},"32":{"start":{"line":57,"column":36},"end":{"line":80,"column":null}},"33":{"start":{"line":58,"column":23},"end":{"line":58,"column":null}},"34":{"start":{"line":59,"column":6},"end":{"line":77,"column":null}},"35":{"start":{"line":60,"column":8},"end":{"line":60,"column":null}},"36":{"start":{"line":61,"column":38},"end":{"line":61,"column":null}},"37":{"start":{"line":62,"column":8},"end":{"line":62,"column":null}},"38":{"start":{"line":64,"column":8},"end":{"line":76,"column":null}},"39":{"start":{"line":65,"column":10},"end":{"line":75,"column":null}},"40":{"start":{"line":65,"column":31},"end":{"line":65,"column":34}},"41":{"start":{"line":66,"column":27},"end":{"line":66,"column":66}},"42":{"start":{"line":67,"column":30},"end":{"line":67,"column":72}},"43":{"start":{"line":69,"column":12},"end":{"line":74,"column":null}},"44":{"start":{"line":73,"column":12},"end":{"line":73,"column":null}},"45":{"start":{"line":78,"column":4},"end":{"line":78,"column":null}},"46":{"start":{"line":79,"column":4},"end":{"line":79,"column":null}},"47":{"start":{"line":82,"column":19},"end":{"line":86,"column":null}},"48":{"start":{"line":83,"column":19},"end":{"line":83,"column":null}},"49":{"start":{"line":84,"column":2},"end":{"line":84,"column":null}},"50":{"start":{"line":85,"column":2},"end":{"line":85,"column":null}},"51":{"start":{"line":88,"column":20},"end":{"line":93,"column":null}},"52":{"start":{"line":89,"column":2},"end":{"line":92,"column":null}},"53":{"start":{"line":90,"column":4},"end":{"line":90,"column":null}},"54":{"start":{"line":91,"column":4},"end":{"line":91,"column":null}},"55":{"start":{"line":95,"column":25},"end":{"line":107,"column":null}},"56":{"start":{"line":96,"column":2},"end":{"line":96,"column":null}},"57":{"start":{"line":97,"column":2},"end":{"line":97,"column":null}},"58":{"start":{"line":97,"column":71},"end":{"line":97,"column":null}},"59":{"start":{"line":98,"column":2},"end":{"line":106,"column":null}},"60":{"start":{"line":99,"column":4},"end":{"line":99,"column":null}},"61":{"start":{"line":100,"column":4},"end":{"line":100,"column":null}},"62":{"start":{"line":101,"column":9},"end":{"line":106,"column":null}},"63":{"start":{"line":102,"column":4},"end":{"line":102,"column":null}},"64":{"start":{"line":104,"column":4},"end":{"line":104,"column":null}},"65":{"start":{"line":105,"column":4},"end":{"line":105,"column":null}},"66":{"start":{"line":109,"column":27},"end":{"line":113,"column":null}},"67":{"start":{"line":110,"column":2},"end":{"line":112,"column":null}},"68":{"start":{"line":111,"column":4},"end":{"line":111,"column":null}},"69":{"start":{"line":115,"column":24},"end":{"line":137,"column":null}},"70":{"start":{"line":116,"column":25},"end":{"line":116,"column":null}},"71":{"start":{"line":117,"column":19},"end":{"line":117,"column":null}},"72":{"start":{"line":118,"column":26},"end":{"line":118,"column":null}},"73":{"start":{"line":119,"column":2},"end":{"line":136,"column":null}},"74":{"start":{"line":120,"column":4},"end":{"line":120,"column":null}},"75":{"start":{"line":121,"column":4},"end":{"line":121,"column":null}},"76":{"start":{"line":122,"column":4},"end":{"line":122,"column":null}},"77":{"start":{"line":124,"column":4},"end":{"line":124,"column":null}},"78":{"start":{"line":125,"column":4},"end":{"line":131,"column":null}},"79":{"start":{"line":126,"column":6},"end":{"line":126,"column":null}},"80":{"start":{"line":127,"column":6},"end":{"line":127,"column":null}},"81":{"start":{"line":128,"column":6},"end":{"line":128,"column":null}},"82":{"start":{"line":130,"column":6},"end":{"line":130,"column":null}},"83":{"start":{"line":132,"column":33},"end":{"line":132,"column":55}},"84":{"start":{"line":133,"column":22},"end":{"line":133,"column":null}},"85":{"start":{"line":134,"column":4},"end":{"line":134,"column":null}},"86":{"start":{"line":135,"column":4},"end":{"line":135,"column":null}},"87":{"start":{"line":139,"column":27},"end":{"line":152,"column":null}},"88":{"start":{"line":140,"column":24},"end":{"line":140,"column":26}},"89":{"start":{"line":141,"column":15},"end":{"line":141,"column":null}},"90":{"start":{"line":142,"column":2},"end":{"line":150,"column":null}},"91":{"start":{"line":143,"column":18},"end":{"line":143,"column":20}},"92":{"start":{"line":144,"column":4},"end":{"line":148,"column":null}},"93":{"start":{"line":144,"column":21},"end":{"line":144,"column":24}},"94":{"start":{"line":145,"column":6},"end":{"line":147,"column":null}},"95":{"start":{"line":146,"column":8},"end":{"line":146,"column":null}},"96":{"start":{"line":149,"column":4},"end":{"line":149,"column":null}},"97":{"start":{"line":151,"column":2},"end":{"line":151,"column":null}},"98":{"start":{"line":154,"column":24},"end":{"line":184,"column":null}},"99":{"start":{"line":155,"column":4},"end":{"line":155,"column":null}},"100":{"start":{"line":156,"column":32},"end":{"line":156,"column":34}},"101":{"start":{"line":157,"column":21},"end":{"line":157,"column":23}},"102":{"start":{"line":158,"column":21},"end":{"line":158,"column":null}},"103":{"start":{"line":159,"column":24},"end":{"line":159,"column":null}},"104":{"start":{"line":160,"column":22},"end":{"line":160,"column":null}},"105":{"start":{"line":161,"column":15},"end":{"line":161,"column":17}},"106":{"start":{"line":163,"column":4},"end":{"line":163,"column":null}},"107":{"start":{"line":165,"column":4},"end":{"line":165,"column":null}},"108":{"start":{"line":166,"column":6},"end":{"line":177,"column":null}},"109":{"start":{"line":167,"column":24},"end":{"line":167,"column":26}},"110":{"start":{"line":168,"column":8},"end":{"line":168,"column":null}},"111":{"start":{"line":169,"column":8},"end":{"line":175,"column":null}},"112":{"start":{"line":169,"column":25},"end":{"line":169,"column":28}},"113":{"start":{"line":170,"column":10},"end":{"line":173,"column":null}},"114":{"start":{"line":171,"column":12},"end":{"line":171,"column":null}},"115":{"start":{"line":172,"column":12},"end":{"line":172,"column":null}},"116":{"start":{"line":174,"column":10},"end":{"line":174,"column":null}},"117":{"start":{"line":176,"column":8},"end":{"line":176,"column":null}},"118":{"start":{"line":179,"column":4},"end":{"line":179,"column":null}},"119":{"start":{"line":180,"column":4},"end":{"line":180,"column":null}},"120":{"start":{"line":181,"column":4},"end":{"line":181,"column":null}},"121":{"start":{"line":182,"column":4},"end":{"line":182,"column":null}},"122":{"start":{"line":183,"column":4},"end":{"line":183,"column":null}},"123":{"start":{"line":186,"column":23},"end":{"line":188,"column":null}},"124":{"start":{"line":187,"column":4},"end":{"line":187,"column":null}},"125":{"start":{"line":197,"column":12},"end":{"line":213,"column":null}},"126":{"start":{"line":198,"column":37},"end":{"line":198,"column":null}},"127":{"start":{"line":199,"column":32},"end":{"line":199,"column":null}},"128":{"start":{"line":201,"column":14},"end":{"line":211,"column":null}},"129":{"start":{"line":205,"column":37},"end":{"line":205,"column":null}},"130":{"start":{"line":206,"column":43},"end":{"line":206,"column":null}},"131":{"start":{"line":228,"column":15},"end":{"line":228,"column":26}}},"fnMap":{"0":{"name":"Minesweeper","decl":{"start":{"line":18,"column":16},"end":{"line":18,"column":27}},"loc":{"start":{"line":18,"column":16},"end":{"line":226,"column":null}}},"1":{"name":"(anonymous_7)","decl":{"start":{"line":36,"column":12},"end":{"line":36,"column":null}},"loc":{"start":{"line":36,"column":12},"end":{"line":40,"column":5}}},"2":{"name":"(anonymous_8)","decl":{"start":{"line":38,"column":35},"end":{"line":38,"column":41}},"loc":{"start":{"line":38,"column":41},"end":{"line":38,"column":66}}},"3":{"name":"(anonymous_9)","decl":{"start":{"line":39,"column":11},"end":{"line":39,"column":17}},"loc":{"start":{"line":39,"column":17},"end":{"line":39,"column":null}}},"4":{"name":"(anonymous_10)","decl":{"start":{"line":42,"column":20},"end":{"line":42,"column":null}},"loc":{"start":{"line":42,"column":20},"end":{"line":51,"column":null}}},"5":{"name":"(anonymous_11)","decl":{"start":{"line":53,"column":19},"end":{"line":53,"column":20}},"loc":{"start":{"line":53,"column":20},"end":{"line":55,"column":null}}},"6":{"name":"(anonymous_12)","decl":{"start":{"line":57,"column":36},"end":{"line":57,"column":37}},"loc":{"start":{"line":57,"column":68},"end":{"line":80,"column":null}}},"7":{"name":"(anonymous_13)","decl":{"start":{"line":82,"column":19},"end":{"line":82,"column":20}},"loc":{"start":{"line":82,"column":43},"end":{"line":86,"column":null}}},"8":{"name":"(anonymous_14)","decl":{"start":{"line":88,"column":20},"end":{"line":88,"column":21}},"loc":{"start":{"line":88,"column":35},"end":{"line":93,"column":null}}},"9":{"name":"(anonymous_15)","decl":{"start":{"line":95,"column":25},"end":{"line":95,"column":26}},"loc":{"start":{"line":95,"column":43},"end":{"line":107,"column":null}}},"10":{"name":"(anonymous_16)","decl":{"start":{"line":109,"column":27},"end":{"line":109,"column":28}},"loc":{"start":{"line":109,"column":48},"end":{"line":113,"column":null}}},"11":{"name":"(anonymous_17)","decl":{"start":{"line":115,"column":24},"end":{"line":115,"column":25}},"loc":{"start":{"line":115,"column":35},"end":{"line":137,"column":null}}},"12":{"name":"(anonymous_18)","decl":{"start":{"line":139,"column":27},"end":{"line":139,"column":28}},"loc":{"start":{"line":139,"column":28},"end":{"line":152,"column":null}}},"13":{"name":"(anonymous_19)","decl":{"start":{"line":142,"column":11},"end":{"line":142,"column":12}},"loc":{"start":{"line":142,"column":12},"end":{"line":150,"column":null}}},"14":{"name":"(anonymous_20)","decl":{"start":{"line":154,"column":24},"end":{"line":154,"column":25}},"loc":{"start":{"line":154,"column":25},"end":{"line":184,"column":null}}},"15":{"name":"(anonymous_21)","decl":{"start":{"line":166,"column":15},"end":{"line":166,"column":16}},"loc":{"start":{"line":166,"column":21},"end":{"line":177,"column":null}}},"16":{"name":"(anonymous_22)","decl":{"start":{"line":186,"column":23},"end":{"line":186,"column":24}},"loc":{"start":{"line":186,"column":24},"end":{"line":188,"column":null}}},"17":{"name":"(anonymous_23)","decl":{"start":{"line":196,"column":20},"end":{"line":196,"column":21}},"loc":{"start":{"line":196,"column":26},"end":{"line":214,"column":null}}},"18":{"name":"(anonymous_24)","decl":{"start":{"line":197,"column":27},"end":{"line":197,"column":28}},"loc":{"start":{"line":197,"column":35},"end":{"line":213,"column":null}}},"19":{"name":"(anonymous_25)","decl":{"start":{"line":205,"column":31},"end":{"line":205,"column":37}},"loc":{"start":{"line":205,"column":37},"end":{"line":205,"column":null}}},"20":{"name":"(anonymous_26)","decl":{"start":{"line":206,"column":32},"end":{"line":206,"column":33}},"loc":{"start":{"line":206,"column":43},"end":{"line":206,"column":null}}}},"branchMap":{"0":{"loc":{"start":{"line":38,"column":6},"end":{"line":38,"column":null}},"type":"binary-expr","locations":[{"start":{"line":38,"column":6},"end":{"line":38,"column":23}},{"start":{"line":38,"column":23},"end":{"line":38,"column":null}}]},"1":{"loc":{"start":{"line":54,"column":11},"end":{"line":54,"column":null}},"type":"cond-expr","locations":[{"start":{"line":54,"column":55},"end":{"line":54,"column":62}},{"start":{"line":54,"column":62},"end":{"line":54,"column":null}}]},"2":{"loc":{"start":{"line":59,"column":6},"end":{"line":77,"column":null}},"type":"if","locations":[{"start":{"line":59,"column":6},"end":{"line":77,"column":null}}]},"3":{"loc":{"start":{"line":59,"column":10},"end":{"line":59,"column":88}},"type":"binary-expr","locations":[{"start":{"line":59,"column":10},"end":{"line":59,"column":48}},{"start":{"line":59,"column":48},"end":{"line":59,"column":88}}]},"4":{"loc":{"start":{"line":64,"column":8},"end":{"line":76,"column":null}},"type":"if","locations":[{"start":{"line":64,"column":8},"end":{"line":76,"column":null}}]},"5":{"loc":{"start":{"line":69,"column":12},"end":{"line":74,"column":null}},"type":"if","locations":[{"start":{"line":69,"column":12},"end":{"line":74,"column":null}}]},"6":{"loc":{"start":{"line":70,"column":14},"end":{"line":71,"column":null}},"type":"binary-expr","locations":[{"start":{"line":70,"column":14},"end":{"line":70,"column":null}},{"start":{"line":71,"column":17},"end":{"line":71,"column":null}}]},"7":{"loc":{"start":{"line":89,"column":2},"end":{"line":92,"column":null}},"type":"if","locations":[{"start":{"line":89,"column":2},"end":{"line":92,"column":null}}]},"8":{"loc":{"start":{"line":97,"column":2},"end":{"line":97,"column":null}},"type":"if","locations":[{"start":{"line":97,"column":2},"end":{"line":97,"column":null}}]},"9":{"loc":{"start":{"line":98,"column":2},"end":{"line":106,"column":null}},"type":"if","locations":[{"start":{"line":98,"column":2},"end":{"line":106,"column":null}},{"start":{"line":101,"column":9},"end":{"line":106,"column":null}}]},"10":{"loc":{"start":{"line":101,"column":9},"end":{"line":106,"column":null}},"type":"if","locations":[{"start":{"line":101,"column":9},"end":{"line":106,"column":null}},{"start":{"line":103,"column":9},"end":{"line":106,"column":null}}]},"11":{"loc":{"start":{"line":110,"column":2},"end":{"line":112,"column":null}},"type":"if","locations":[{"start":{"line":110,"column":2},"end":{"line":112,"column":null}}]},"12":{"loc":{"start":{"line":119,"column":2},"end":{"line":136,"column":null}},"type":"if","locations":[{"start":{"line":119,"column":2},"end":{"line":136,"column":null}},{"start":{"line":123,"column":9},"end":{"line":136,"column":null}}]},"13":{"loc":{"start":{"line":125,"column":4},"end":{"line":131,"column":null}},"type":"if","locations":[{"start":{"line":125,"column":4},"end":{"line":131,"column":null}},{"start":{"line":129,"column":11},"end":{"line":131,"column":null}}]},"14":{"loc":{"start":{"line":135,"column":4},"end":{"line":135,"column":null}},"type":"cond-expr","locations":[{"start":{"line":135,"column":16},"end":{"line":135,"column":38}},{"start":{"line":135,"column":38},"end":{"line":135,"column":null}}]},"15":{"loc":{"start":{"line":145,"column":6},"end":{"line":147,"column":null}},"type":"if","locations":[{"start":{"line":145,"column":6},"end":{"line":147,"column":null}}]},"16":{"loc":{"start":{"line":145,"column":10},"end":{"line":145,"column":52}},"type":"binary-expr","locations":[{"start":{"line":145,"column":10},"end":{"line":145,"column":32}},{"start":{"line":145,"column":32},"end":{"line":145,"column":52}}]},"17":{"loc":{"start":{"line":163,"column":11},"end":{"line":163,"column":null}},"type":"cond-expr","locations":[{"start":{"line":163,"column":36},"end":{"line":163,"column":65}},{"start":{"line":163,"column":65},"end":{"line":163,"column":null}}]},"18":{"loc":{"start":{"line":170,"column":10},"end":{"line":173,"column":null}},"type":"if","locations":[{"start":{"line":170,"column":10},"end":{"line":173,"column":null}}]}},"s":{"0":0,"1":1,"2":1,"3":1,"4":1,"5":1,"6":1,"7":1,"8":1,"9":109,"10":109,"11":109,"12":109,"13":109,"14":109,"15":109,"16":109,"17":109,"18":33,"19":0,"20":33,"21":33,"22":109,"23":0,"24":0,"25":0,"26":0,"27":0,"28":0,"29":0,"30":109,"31":17,"32":109,"33":20,"34":20,"35":8,"36":8,"37":8,"38":8,"39":5,"40":5,"41":40,"42":40,"43":40,"44":19,"45":20,"46":20,"47":109,"48":29,"49":29,"50":29,"51":109,"52":16,"53":16,"54":16,"55":109,"56":31,"57":31,"58":2,"59":29,"60":9,"61":9,"62":20,"63":4,"64":16,"65":16,"66":109,"67":17,"68":2,"69":109,"70":17,"71":17,"72":17,"73":17,"74":0,"75":0,"76":0,"77":17,"78":17,"79":16,"80":16,"81":16,"82":1,"83":17,"84":17,"85":17,"86":17,"87":109,"88":29,"89":29,"90":29,"91":54,"92":54,"93":54,"94":586,"95":133,"96":54,"97":29,"98":109,"99":30,"100":30,"101":30,"102":30,"103":30,"104":30,"105":30,"106":30,"107":30,"108":30,"109":57,"110":57,"111":57,"112":57,"113":142,"114":63,"115":63,"116":142,"117":57,"118":30,"119":30,"120":30,"121":30,"122":30,"123":109,"124":30,"125":463,"126":3619,"127":3619,"128":3619,"129":17,"130":31,"131":1},"f":{"0":109,"1":33,"2":0,"3":33,"4":0,"5":17,"6":20,"7":29,"8":16,"9":31,"10":17,"11":17,"12":29,"13":54,"14":30,"15":57,"16":30,"17":463,"18":3619,"19":17,"20":31},"b":{"0":[33,33],"1":[6,11],"2":[8],"3":[20,8],"4":[5],"5":[19],"6":[40,19],"7":[16],"8":[2],"9":[9,20],"10":[4,16],"11":[2],"12":[0,17],"13":[16,1],"14":[6,11],"15":[133],"16":[586,525],"17":[29,1],"18":[63]}}
,"C:\\GitHub\\MinesweeperReact\\MinesweeperReact\\src\\components\\MockDataLoader.jsx": {"path":"C:\\GitHub\\MinesweeperReact\\MinesweeperReact\\src\\components\\MockDataLoader.jsx","statementMap":{"0":{"start":{"line":4,"column":16},"end":{"line":4,"column":30}},"1":{"start":{"line":41,"column":0},"end":{"line":41,"column":15}},"2":{"start":{"line":2,"column":43},"end":{"line":2,"column":null}},"3":{"start":{"line":5,"column":34},"end":{"line":5,"column":null}},"4":{"start":{"line":7,"column":23},"end":{"line":12,"column":null}},"5":{"start":{"line":8,"column":4},"end":{"line":8,"column":null}},"6":{"start":{"line":9,"column":4},"end":{"line":9,"column":null}},"7":{"start":{"line":10,"column":4},"end":{"line":10,"column":null}},"8":{"start":{"line":14,"column":2},"end":{"line":31,"column":null}},"9":{"start":{"line":22,"column":33},"end":{"line":22,"column":null}},"10":{"start":{"line":41,"column":15},"end":{"line":41,"column":30}}},"fnMap":{"0":{"name":"MockDataLoader","decl":{"start":{"line":4,"column":16},"end":{"line":4,"column":30}},"loc":{"start":{"line":4,"column":43},"end":{"line":39,"column":null}}},"1":{"name":"(anonymous_7)","decl":{"start":{"line":7,"column":23},"end":{"line":7,"column":24}},"loc":{"start":{"line":7,"column":24},"end":{"line":12,"column":null}}},"2":{"name":"(anonymous_8)","decl":{"start":{"line":22,"column":22},"end":{"line":22,"column":23}},"loc":{"start":{"line":22,"column":33},"end":{"line":22,"column":null}}}},"branchMap":{},"s":{"0":109,"1":0,"2":1,"3":139,"4":139,"5":30,"6":30,"7":30,"8":139,"9":30,"10":1},"f":{"0":139,"1":30,"2":30},"b":{}}
,"C:\\GitHub\\MinesweeperReact\\MinesweeperReact\\src\\components\\Tile.jsx": {"path":"C:\\GitHub\\MinesweeperReact\\MinesweeperReact\\src\\components\\Tile.jsx","statementMap":{"0":{"start":{"line":3,"column":13},"end":{"line":3,"column":20}},"1":{"start":{"line":2,"column":18},"end":{"line":2,"column":null}},"2":{"start":{"line":3,"column":20},"end":{"line":11,"column":null}},"3":{"start":{"line":4,"column":20},"end":{"line":4,"column":116}},"4":{"start":{"line":6,"column":4},"end":{"line":8,"column":null}}},"fnMap":{"0":{"name":"(anonymous_2)","decl":{"start":{"line":3,"column":20},"end":{"line":3,"column":21}},"loc":{"start":{"line":3,"column":99},"end":{"line":11,"column":null}}}},"branchMap":{"0":{"loc":{"start":{"line":4,"column":27},"end":{"line":4,"column":46}},"type":"cond-expr","locations":[{"start":{"line":4,"column":35},"end":{"line":4,"column":43}},{"start":{"line":4,"column":43},"end":{"line":4,"column":46}}]},"1":{"loc":{"start":{"line":4,"column":49},"end":{"line":4,"column":81}},"type":"cond-expr","locations":[{"start":{"line":4,"column":61},"end":{"line":4,"column":78}},{"start":{"line":4,"column":78},"end":{"line":4,"column":81}}]},"2":{"loc":{"start":{"line":4,"column":84},"end":{"line":4,"column":114}},"type":"cond-expr","locations":[{"start":{"line":4,"column":95},"end":{"line":4,"column":111}},{"start":{"line":4,"column":111},"end":{"line":4,"column":114}}]}},"s":{"0":3728,"1":1,"2":1,"3":3728,"4":3728},"f":{"0":3728},"b":{"0":[109,3619],"1":[24,3704],"2":[30,3698]}}
,"C:\\GitHub\\MinesweeperReact\\MinesweeperReact\\src\\components\\WinnerModal.jsx": {"path":"C:\\GitHub\\MinesweeperReact\\MinesweeperReact\\src\\components\\WinnerModal.jsx","statementMap":{"0":{"start":{"line":2,"column":16},"end":{"line":2,"column":28}},"1":{"start":{"line":1,"column":18},"end":{"line":1,"column":null}},"2":{"start":{"line":3,"column":2},"end":{"line":3,"column":null}},"3":{"start":{"line":3,"column":23},"end":{"line":3,"column":null}},"4":{"start":{"line":5,"column":21},"end":{"line":5,"column":null}},"5":{"start":{"line":6,"column":2},"end":{"line":9,"column":null}}},"fnMap":{"0":{"name":"WinnerText","decl":{"start":{"line":2,"column":16},"end":{"line":2,"column":28}},"loc":{"start":{"line":2,"column":38},"end":{"line":13,"column":null}}}},"branchMap":{"0":{"loc":{"start":{"line":3,"column":2},"end":{"line":3,"column":null}},"type":"if","locations":[{"start":{"line":3,"column":2},"end":{"line":3,"column":null}}]},"1":{"loc":{"start":{"line":5,"column":21},"end":{"line":5,"column":null}},"type":"cond-expr","locations":[{"start":{"line":5,"column":39},"end":{"line":5,"column":51}},{"start":{"line":5,"column":51},"end":{"line":5,"column":null}}]}},"s":{"0":109,"1":1,"2":109,"3":103,"4":6,"5":6},"f":{"0":109},"b":{"0":[103],"1":[6,0]}}
}
