{"C:\\Users\\darru\\Documents\\Travelport\\Coding\\MinesweeperReact\\MinesweeperReact\\src\\components\\BoardFeatures.jsx": {"path":"C:\\Users\\darru\\Documents\\Travelport\\Coding\\MinesweeperReact\\MinesweeperReact\\src\\components\\BoardFeatures.jsx","statementMap":{"0":{"start":{"line":4,"column":16},"end":{"line":4,"column":31}},"1":{"start":{"line":2,"column":18},"end":{"line":2,"column":null}},"2":{"start":{"line":3,"column":21},"end":{"line":3,"column":null}},"3":{"start":{"line":5,"column":26},"end":{"line":13,"column":null}},"4":{"start":{"line":6,"column":6},"end":{"line":12,"column":null}},"5":{"start":{"line":7,"column":10},"end":{"line":7,"column":null}},"6":{"start":{"line":8,"column":15},"end":{"line":12,"column":null}},"7":{"start":{"line":9,"column":10},"end":{"line":9,"column":null}},"8":{"start":{"line":11,"column":10},"end":{"line":11,"column":null}},"9":{"start":{"line":14,"column":20},"end":{"line":14,"column":null}},"10":{"start":{"line":16,"column":4},"end":{"line":35,"column":null}}},"fnMap":{"0":{"name":"BoardFeatures","decl":{"start":{"line":4,"column":16},"end":{"line":4,"column":31}},"loc":{"start":{"line":4,"column":84},"end":{"line":39,"column":null}}},"1":{"name":"(anonymous_3)","decl":{"start":{"line":5,"column":26},"end":{"line":5,"column":27}},"loc":{"start":{"line":5,"column":27},"end":{"line":13,"column":null}}}},"branchMap":{"0":{"loc":{"start":{"line":6,"column":6},"end":{"line":12,"column":null}},"type":"if","locations":[{"start":{"line":6,"column":6},"end":{"line":12,"column":null}},{"start":{"line":8,"column":15},"end":{"line":12,"column":null}}]},"1":{"loc":{"start":{"line":8,"column":15},"end":{"line":12,"column":null}},"type":"if","locations":[{"start":{"line":8,"column":15},"end":{"line":12,"column":null}},{"start":{"line":10,"column":15},"end":{"line":12,"column":null}}]}},"s":{"0":6,"1":1,"2":1,"3":6,"4":6,"5":0,"6":6,"7":6,"8":0,"9":6,"10":6},"f":{"0":6,"1":6},"b":{"0":[0,6],"1":[6,0]}}
,"C:\\Users\\darru\\Documents\\Travelport\\Coding\\MinesweeperReact\\MinesweeperReact\\src\\components\\BoardLogic.js": {"path":"C:\\Users\\darru\\Documents\\Travelport\\Coding\\MinesweeperReact\\MinesweeperReact\\src\\components\\BoardLogic.js","statementMap":{"0":{"start":{"line":5,"column":13},"end":{"line":5,"column":24}},"1":{"start":{"line":9,"column":13},"end":{"line":9,"column":30}},"2":{"start":{"line":13,"column":13},"end":{"line":13,"column":24}},"3":{"start":{"line":18,"column":16},"end":{"line":18,"column":26}},"4":{"start":{"line":2,"column":18},"end":{"line":2,"column":null}},"5":{"start":{"line":3,"column":38},"end":{"line":3,"column":null}},"6":{"start":{"line":5,"column":27},"end":{"line":7,"column":null}},"7":{"start":{"line":6,"column":2},"end":{"line":6,"column":null}},"8":{"start":{"line":6,"column":47},"end":{"line":6,"column":null}},"9":{"start":{"line":9,"column":33},"end":{"line":11,"column":null}},"10":{"start":{"line":13,"column":27},"end":{"line":15,"column":null}},"11":{"start":{"line":14,"column":2},"end":{"line":14,"column":null}},"12":{"start":{"line":19,"column":2},"end":{"line":19,"column":null}},"13":{"start":{"line":19,"column":26},"end":{"line":19,"column":null}}},"fnMap":{"0":{"name":"(anonymous_6)","decl":{"start":{"line":5,"column":27},"end":{"line":5,"column":28}},"loc":{"start":{"line":5,"column":49},"end":{"line":7,"column":null}}},"1":{"name":"(anonymous_7)","decl":{"start":{"line":6,"column":41},"end":{"line":6,"column":47}},"loc":{"start":{"line":6,"column":47},"end":{"line":6,"column":null}}},"2":{"name":"(anonymous_8)","decl":{"start":{"line":9,"column":33},"end":{"line":9,"column":34}},"loc":{"start":{"line":9,"column":44},"end":{"line":11,"column":null}}},"3":{"name":"(anonymous_9)","decl":{"start":{"line":13,"column":27},"end":{"line":13,"column":28}},"loc":{"start":{"line":13,"column":60},"end":{"line":15,"column":null}}},"4":{"name":"cloneBoard","decl":{"start":{"line":18,"column":16},"end":{"line":18,"column":26}},"loc":{"start":{"line":18,"column":32},"end":{"line":20,"column":null}}},"5":{"name":"(anonymous_11)","decl":{"start":{"line":19,"column":19},"end":{"line":19,"column":26}},"loc":{"start":{"line":19,"column":26},"end":{"line":19,"column":null}}}},"branchMap":{"0":{"loc":{"start":{"line":14,"column":9},"end":{"line":14,"column":null}},"type":"binary-expr","locations":[{"start":{"line":14,"column":9},"end":{"line":14,"column":26}},{"start":{"line":14,"column":26},"end":{"line":14,"column":48}},{"start":{"line":14,"column":48},"end":{"line":14,"column":68}},{"start":{"line":14,"column":68},"end":{"line":14,"column":null}}]},"1":{"loc":{"start":{"line":19,"column":26},"end":{"line":19,"column":null}},"type":"cond-expr","locations":[{"start":{"line":19,"column":47},"end":{"line":19,"column":65}},{"start":{"line":19,"column":65},"end":{"line":19,"column":null}}]}},"s":{"0":6,"1":1862,"2":0,"3":3,"4":1,"5":1,"6":1,"7":6,"8":60,"9":1,"10":1,"11":0,"12":33,"13":330},"f":{"0":6,"1":60,"2":1862,"3":0,"4":33,"5":330},"b":{"0":[0,0,0,0],"1":[30,300]}}
,"C:\\Users\\darru\\Documents\\Travelport\\Coding\\MinesweeperReact\\MinesweeperReact\\src\\components\\Constants.jsx": {"path":"C:\\Users\\darru\\Documents\\Travelport\\Coding\\MinesweeperReact\\MinesweeperReact\\src\\components\\Constants.jsx","statementMap":{"0":{"start":{"line":3,"column":13},"end":{"line":3,"column":21}},"1":{"start":{"line":4,"column":13},"end":{"line":4,"column":24}},"2":{"start":{"line":5,"column":13},"end":{"line":5,"column":22}},"3":{"start":{"line":6,"column":13},"end":{"line":6,"column":27}},"4":{"start":{"line":7,"column":13},"end":{"line":7,"column":30}},"5":{"start":{"line":8,"column":13},"end":{"line":8,"column":30}},"6":{"start":{"line":2,"column":18},"end":{"line":2,"column":null}},"7":{"start":{"line":3,"column":24},"end":{"line":3,"column":null}},"8":{"start":{"line":4,"column":27},"end":{"line":4,"column":null}},"9":{"start":{"line":5,"column":25},"end":{"line":5,"column":null}},"10":{"start":{"line":6,"column":30},"end":{"line":6,"column":null}},"11":{"start":{"line":7,"column":33},"end":{"line":7,"column":null}},"12":{"start":{"line":8,"column":33},"end":{"line":8,"column":null}}},"fnMap":{},"branchMap":{},"s":{"0":73,"1":73,"2":79,"3":0,"4":0,"5":0,"6":1,"7":1,"8":1,"9":1,"10":1,"11":1,"12":1},"f":{},"b":{}}
,"C:\\Users\\darru\\Documents\\Travelport\\Coding\\MinesweeperReact\\MinesweeperReact\\src\\components\\HelloWorld.jsx": {"path":"C:\\Users\\darru\\Documents\\Travelport\\Coding\\MinesweeperReact\\MinesweeperReact\\src\\components\\HelloWorld.jsx","statementMap":{"0":{"start":{"line":3,"column":13},"end":{"line":3,"column":23}},"1":{"start":{"line":8,"column":0},"end":{"line":8,"column":15}},"2":{"start":{"line":2,"column":18},"end":{"line":2,"column":null}},"3":{"start":{"line":3,"column":26},"end":{"line":7,"column":null}},"4":{"start":{"line":4,"column":4},"end":{"line":5,"column":null}},"5":{"start":{"line":8,"column":15},"end":{"line":8,"column":25}}},"fnMap":{"0":{"name":"(anonymous_4)","decl":{"start":{"line":3,"column":26},"end":{"line":3,"column":null}},"loc":{"start":{"line":3,"column":26},"end":{"line":7,"column":null}}}},"branchMap":{},"s":{"0":1,"1":0,"2":1,"3":1,"4":1,"5":1},"f":{"0":1},"b":{}}
,"C:\\Users\\darru\\Documents\\Travelport\\Coding\\MinesweeperReact\\MinesweeperReact\\src\\components\\MinesLogic.js": {"path":"C:\\Users\\darru\\Documents\\Travelport\\Coding\\MinesweeperReact\\MinesweeperReact\\src\\components\\MinesLogic.js","statementMap":{"0":{"start":{"line":6,"column":13},"end":{"line":6,"column":21}},"1":{"start":{"line":20,"column":13},"end":{"line":20,"column":31}},"2":{"start":{"line":35,"column":13},"end":{"line":35,"column":27}},"3":{"start":{"line":1,"column":18},"end":{"line":1,"column":null}},"4":{"start":{"line":2,"column":47},"end":{"line":2,"column":null}},"5":{"start":{"line":3,"column":87},"end":{"line":3,"column":null}},"6":{"start":{"line":6,"column":24},"end":{"line":18,"column":null}},"7":{"start":{"line":7,"column":29},"end":{"line":7,"column":31}},"8":{"start":{"line":8,"column":4},"end":{"line":16,"column":null}},"9":{"start":{"line":8,"column":20},"end":{"line":8,"column":23}},"10":{"start":{"line":9,"column":23},"end":{"line":9,"column":null}},"11":{"start":{"line":10,"column":26},"end":{"line":10,"column":null}},"12":{"start":{"line":11,"column":29},"end":{"line":11,"column":null}},"13":{"start":{"line":13,"column":6},"end":{"line":15,"column":null}},"14":{"start":{"line":14,"column":8},"end":{"line":14,"column":null}},"15":{"start":{"line":17,"column":4},"end":{"line":17,"column":null}},"16":{"start":{"line":20,"column":34},"end":{"line":33,"column":null}},"17":{"start":{"line":21,"column":20},"end":{"line":21,"column":null}},"18":{"start":{"line":23,"column":4},"end":{"line":31,"column":null}},"19":{"start":{"line":23,"column":25},"end":{"line":23,"column":28}},"20":{"start":{"line":24,"column":21},"end":{"line":24,"column":55}},"21":{"start":{"line":25,"column":24},"end":{"line":25,"column":61}},"22":{"start":{"line":26,"column":28},"end":{"line":26,"column":null}},"23":{"start":{"line":28,"column":6},"end":{"line":30,"column":null}},"24":{"start":{"line":29,"column":10},"end":{"line":29,"column":null}},"25":{"start":{"line":32,"column":4},"end":{"line":32,"column":null}},"26":{"start":{"line":35,"column":30},"end":{"line":45,"column":null}},"27":{"start":{"line":36,"column":24},"end":{"line":36,"column":null}},"28":{"start":{"line":37,"column":0},"end":{"line":42,"column":null}},"29":{"start":{"line":38,"column":14},"end":{"line":38,"column":null}},"30":{"start":{"line":39,"column":17},"end":{"line":39,"column":null}},"31":{"start":{"line":40,"column":4},"end":{"line":40,"column":null}},"32":{"start":{"line":43,"column":0},"end":{"line":43,"column":null}},"33":{"start":{"line":44,"column":0},"end":{"line":44,"column":null}}},"fnMap":{"0":{"name":"(anonymous_5)","decl":{"start":{"line":6,"column":24},"end":{"line":6,"column":null}},"loc":{"start":{"line":6,"column":24},"end":{"line":18,"column":null}}},"1":{"name":"(anonymous_6)","decl":{"start":{"line":20,"column":34},"end":{"line":20,"column":35}},"loc":{"start":{"line":20,"column":66},"end":{"line":33,"column":null}}},"2":{"name":"(anonymous_7)","decl":{"start":{"line":35,"column":30},"end":{"line":35,"column":31}},"loc":{"start":{"line":35,"column":82},"end":{"line":45,"column":null}}},"3":{"name":"(anonymous_8)","decl":{"start":{"line":37,"column":25},"end":{"line":37,"column":null}},"loc":{"start":{"line":37,"column":25},"end":{"line":42,"column":null}}}},"branchMap":{"0":{"loc":{"start":{"line":13,"column":6},"end":{"line":15,"column":null}},"type":"if","locations":[{"start":{"line":13,"column":6},"end":{"line":15,"column":null}}]},"1":{"loc":{"start":{"line":28,"column":6},"end":{"line":30,"column":null}},"type":"if","locations":[{"start":{"line":28,"column":6},"end":{"line":30,"column":null}}]},"2":{"loc":{"start":{"line":28,"column":10},"end":{"line":28,"column":117}},"type":"binary-expr","locations":[{"start":{"line":28,"column":10},"end":{"line":28,"column":75}},{"start":{"line":28,"column":75},"end":{"line":28,"column":117}}]},"3":{"loc":{"start":{"line":32,"column":11},"end":{"line":32,"column":null}},"type":"cond-expr","locations":[{"start":{"line":32,"column":29},"end":{"line":32,"column":36}},{"start":{"line":32,"column":36},"end":{"line":32,"column":null}}]}},"s":{"0":6,"1":0,"2":0,"3":1,"4":1,"5":1,"6":1,"7":6,"8":6,"9":6,"10":61,"11":61,"12":61,"13":61,"14":60,"15":6,"16":1,"17":0,"18":0,"19":0,"20":0,"21":0,"22":0,"23":0,"24":0,"25":0,"26":1,"27":0,"28":0,"29":0,"30":0,"31":0,"32":0,"33":0},"f":{"0":6,"1":0,"2":0,"3":0},"b":{"0":[60],"1":[0],"2":[0,0],"3":[0,0]}}
,"C:\\Users\\darru\\Documents\\Travelport\\Coding\\MinesweeperReact\\MinesweeperReact\\src\\components\\Minesweeper.jsx": {"path":"C:\\Users\\darru\\Documents\\Travelport\\Coding\\MinesweeperReact\\MinesweeperReact\\src\\components\\Minesweeper.jsx","statementMap":{"0":{"start":{"line":18,"column":16},"end":{"line":18,"column":27}},"1":{"start":{"line":2,"column":43},"end":{"line":2,"column":null}},"2":{"start":{"line":3,"column":21},"end":{"line":3,"column":null}},"3":{"start":{"line":4,"column":27},"end":{"line":4,"column":null}},"4":{"start":{"line":5,"column":102},"end":{"line":5,"column":null}},"5":{"start":{"line":6,"column":72},"end":{"line":6,"column":null}},"6":{"start":{"line":7,"column":30},"end":{"line":7,"column":null}},"7":{"start":{"line":8,"column":61},"end":{"line":8,"column":null}},"8":{"start":{"line":9,"column":31},"end":{"line":9,"column":null}},"9":{"start":{"line":20,"column":50},"end":{"line":20,"column":null}},"10":{"start":{"line":22,"column":40},"end":{"line":22,"column":null}},"11":{"start":{"line":24,"column":38},"end":{"line":24,"column":null}},"12":{"start":{"line":26,"column":42},"end":{"line":26,"column":null}},"13":{"start":{"line":28,"column":28},"end":{"line":28,"column":null}},"14":{"start":{"line":30,"column":50},"end":{"line":30,"column":null}},"15":{"start":{"line":32,"column":30},"end":{"line":32,"column":null}},"16":{"start":{"line":34,"column":32},"end":{"line":34,"column":null}},"17":{"start":{"line":36,"column":2},"end":{"line":40,"column":null}},"18":{"start":{"line":38,"column":6},"end":{"line":38,"column":null}},"19":{"start":{"line":38,"column":41},"end":{"line":38,"column":66}},"20":{"start":{"line":39,"column":4},"end":{"line":39,"column":null}},"21":{"start":{"line":39,"column":17},"end":{"line":39,"column":null}},"22":{"start":{"line":42,"column":20},"end":{"line":51,"column":null}},"23":{"start":{"line":43,"column":4},"end":{"line":43,"column":null}},"24":{"start":{"line":44,"column":4},"end":{"line":44,"column":null}},"25":{"start":{"line":45,"column":4},"end":{"line":45,"column":null}},"26":{"start":{"line":46,"column":4},"end":{"line":46,"column":null}},"27":{"start":{"line":47,"column":4},"end":{"line":47,"column":null}},"28":{"start":{"line":48,"column":4},"end":{"line":48,"column":null}},"29":{"start":{"line":49,"column":4},"end":{"line":49,"column":null}},"30":{"start":{"line":53,"column":19},"end":{"line":55,"column":null}},"31":{"start":{"line":54,"column":4},"end":{"line":54,"column":null}},"32":{"start":{"line":57,"column":36},"end":{"line":80,"column":null}},"33":{"start":{"line":58,"column":23},"end":{"line":58,"column":null}},"34":{"start":{"line":59,"column":6},"end":{"line":77,"column":null}},"35":{"start":{"line":60,"column":8},"end":{"line":60,"column":null}},"36":{"start":{"line":61,"column":38},"end":{"line":61,"column":null}},"37":{"start":{"line":62,"column":8},"end":{"line":62,"column":null}},"38":{"start":{"line":64,"column":8},"end":{"line":76,"column":null}},"39":{"start":{"line":65,"column":10},"end":{"line":75,"column":null}},"40":{"start":{"line":65,"column":31},"end":{"line":65,"column":34}},"41":{"start":{"line":66,"column":27},"end":{"line":66,"column":66}},"42":{"start":{"line":67,"column":30},"end":{"line":67,"column":72}},"43":{"start":{"line":69,"column":12},"end":{"line":74,"column":null}},"44":{"start":{"line":73,"column":12},"end":{"line":73,"column":null}},"45":{"start":{"line":78,"column":4},"end":{"line":78,"column":null}},"46":{"start":{"line":79,"column":4},"end":{"line":79,"column":null}},"47":{"start":{"line":82,"column":19},"end":{"line":86,"column":null}},"48":{"start":{"line":83,"column":19},"end":{"line":83,"column":null}},"49":{"start":{"line":84,"column":2},"end":{"line":84,"column":null}},"50":{"start":{"line":85,"column":2},"end":{"line":85,"column":null}},"51":{"start":{"line":88,"column":20},"end":{"line":93,"column":null}},"52":{"start":{"line":89,"column":2},"end":{"line":92,"column":null}},"53":{"start":{"line":90,"column":4},"end":{"line":90,"column":null}},"54":{"start":{"line":91,"column":4},"end":{"line":91,"column":null}},"55":{"start":{"line":95,"column":25},"end":{"line":107,"column":null}},"56":{"start":{"line":96,"column":2},"end":{"line":96,"column":null}},"57":{"start":{"line":97,"column":2},"end":{"line":97,"column":null}},"58":{"start":{"line":97,"column":71},"end":{"line":97,"column":null}},"59":{"start":{"line":98,"column":2},"end":{"line":106,"column":null}},"60":{"start":{"line":99,"column":4},"end":{"line":99,"column":null}},"61":{"start":{"line":100,"column":4},"end":{"line":100,"column":null}},"62":{"start":{"line":101,"column":9},"end":{"line":106,"column":null}},"63":{"start":{"line":102,"column":4},"end":{"line":102,"column":null}},"64":{"start":{"line":104,"column":4},"end":{"line":104,"column":null}},"65":{"start":{"line":105,"column":4},"end":{"line":105,"column":null}},"66":{"start":{"line":109,"column":24},"end":{"line":131,"column":null}},"67":{"start":{"line":110,"column":25},"end":{"line":110,"column":null}},"68":{"start":{"line":111,"column":19},"end":{"line":111,"column":null}},"69":{"start":{"line":112,"column":26},"end":{"line":112,"column":null}},"70":{"start":{"line":113,"column":2},"end":{"line":130,"column":null}},"71":{"start":{"line":114,"column":4},"end":{"line":114,"column":null}},"72":{"start":{"line":115,"column":4},"end":{"line":115,"column":null}},"73":{"start":{"line":116,"column":4},"end":{"line":116,"column":null}},"74":{"start":{"line":118,"column":4},"end":{"line":125,"column":null}},"75":{"start":{"line":119,"column":6},"end":{"line":119,"column":null}},"76":{"start":{"line":120,"column":6},"end":{"line":120,"column":null}},"77":{"start":{"line":121,"column":6},"end":{"line":121,"column":null}},"78":{"start":{"line":124,"column":6},"end":{"line":124,"column":null}},"79":{"start":{"line":126,"column":33},"end":{"line":126,"column":55}},"80":{"start":{"line":127,"column":22},"end":{"line":127,"column":null}},"81":{"start":{"line":128,"column":4},"end":{"line":128,"column":null}},"82":{"start":{"line":129,"column":4},"end":{"line":129,"column":null}},"83":{"start":{"line":133,"column":27},"end":{"line":146,"column":null}},"84":{"start":{"line":134,"column":24},"end":{"line":134,"column":26}},"85":{"start":{"line":135,"column":15},"end":{"line":135,"column":null}},"86":{"start":{"line":136,"column":2},"end":{"line":144,"column":null}},"87":{"start":{"line":137,"column":18},"end":{"line":137,"column":20}},"88":{"start":{"line":138,"column":4},"end":{"line":142,"column":null}},"89":{"start":{"line":138,"column":21},"end":{"line":138,"column":24}},"90":{"start":{"line":139,"column":6},"end":{"line":141,"column":null}},"91":{"start":{"line":140,"column":8},"end":{"line":140,"column":null}},"92":{"start":{"line":143,"column":4},"end":{"line":143,"column":null}},"93":{"start":{"line":145,"column":2},"end":{"line":145,"column":null}},"94":{"start":{"line":148,"column":24},"end":{"line":175,"column":null}},"95":{"start":{"line":149,"column":32},"end":{"line":149,"column":34}},"96":{"start":{"line":150,"column":21},"end":{"line":150,"column":23}},"97":{"start":{"line":151,"column":21},"end":{"line":151,"column":null}},"98":{"start":{"line":152,"column":24},"end":{"line":152,"column":null}},"99":{"start":{"line":153,"column":22},"end":{"line":153,"column":null}},"100":{"start":{"line":154,"column":15},"end":{"line":154,"column":17}},"101":{"start":{"line":156,"column":4},"end":{"line":156,"column":null}},"102":{"start":{"line":158,"column":4},"end":{"line":158,"column":null}},"103":{"start":{"line":159,"column":6},"end":{"line":170,"column":null}},"104":{"start":{"line":160,"column":24},"end":{"line":160,"column":26}},"105":{"start":{"line":161,"column":8},"end":{"line":161,"column":null}},"106":{"start":{"line":162,"column":8},"end":{"line":168,"column":null}},"107":{"start":{"line":162,"column":25},"end":{"line":162,"column":28}},"108":{"start":{"line":163,"column":10},"end":{"line":166,"column":null}},"109":{"start":{"line":164,"column":12},"end":{"line":164,"column":null}},"110":{"start":{"line":165,"column":12},"end":{"line":165,"column":null}},"111":{"start":{"line":167,"column":10},"end":{"line":167,"column":null}},"112":{"start":{"line":169,"column":8},"end":{"line":169,"column":null}},"113":{"start":{"line":171,"column":4},"end":{"line":171,"column":null}},"114":{"start":{"line":172,"column":4},"end":{"line":172,"column":null}},"115":{"start":{"line":173,"column":4},"end":{"line":173,"column":null}},"116":{"start":{"line":174,"column":4},"end":{"line":174,"column":null}},"117":{"start":{"line":184,"column":12},"end":{"line":199,"column":null}},"118":{"start":{"line":185,"column":37},"end":{"line":185,"column":null}},"119":{"start":{"line":186,"column":32},"end":{"line":186,"column":null}},"120":{"start":{"line":187,"column":14},"end":{"line":197,"column":null}},"121":{"start":{"line":191,"column":37},"end":{"line":191,"column":null}},"122":{"start":{"line":192,"column":43},"end":{"line":192,"column":null}},"123":{"start":{"line":214,"column":15},"end":{"line":214,"column":26}}},"fnMap":{"0":{"name":"Minesweeper","decl":{"start":{"line":18,"column":16},"end":{"line":18,"column":27}},"loc":{"start":{"line":18,"column":16},"end":{"line":212,"column":null}}},"1":{"name":"(anonymous_7)","decl":{"start":{"line":36,"column":12},"end":{"line":36,"column":null}},"loc":{"start":{"line":36,"column":12},"end":{"line":40,"column":5}}},"2":{"name":"(anonymous_8)","decl":{"start":{"line":38,"column":35},"end":{"line":38,"column":41}},"loc":{"start":{"line":38,"column":41},"end":{"line":38,"column":66}}},"3":{"name":"(anonymous_9)","decl":{"start":{"line":39,"column":11},"end":{"line":39,"column":17}},"loc":{"start":{"line":39,"column":17},"end":{"line":39,"column":null}}},"4":{"name":"(anonymous_10)","decl":{"start":{"line":42,"column":20},"end":{"line":42,"column":null}},"loc":{"start":{"line":42,"column":20},"end":{"line":51,"column":null}}},"5":{"name":"(anonymous_11)","decl":{"start":{"line":53,"column":19},"end":{"line":53,"column":20}},"loc":{"start":{"line":53,"column":20},"end":{"line":55,"column":null}}},"6":{"name":"(anonymous_12)","decl":{"start":{"line":57,"column":36},"end":{"line":57,"column":37}},"loc":{"start":{"line":57,"column":68},"end":{"line":80,"column":null}}},"7":{"name":"(anonymous_13)","decl":{"start":{"line":82,"column":19},"end":{"line":82,"column":20}},"loc":{"start":{"line":82,"column":43},"end":{"line":86,"column":null}}},"8":{"name":"(anonymous_14)","decl":{"start":{"line":88,"column":20},"end":{"line":88,"column":21}},"loc":{"start":{"line":88,"column":35},"end":{"line":93,"column":null}}},"9":{"name":"(anonymous_15)","decl":{"start":{"line":95,"column":25},"end":{"line":95,"column":26}},"loc":{"start":{"line":95,"column":43},"end":{"line":107,"column":null}}},"10":{"name":"(anonymous_16)","decl":{"start":{"line":109,"column":24},"end":{"line":109,"column":25}},"loc":{"start":{"line":109,"column":35},"end":{"line":131,"column":null}}},"11":{"name":"(anonymous_17)","decl":{"start":{"line":133,"column":27},"end":{"line":133,"column":28}},"loc":{"start":{"line":133,"column":28},"end":{"line":146,"column":null}}},"12":{"name":"(anonymous_18)","decl":{"start":{"line":136,"column":11},"end":{"line":136,"column":12}},"loc":{"start":{"line":136,"column":12},"end":{"line":144,"column":null}}},"13":{"name":"(anonymous_19)","decl":{"start":{"line":148,"column":24},"end":{"line":148,"column":25}},"loc":{"start":{"line":148,"column":25},"end":{"line":175,"column":null}}},"14":{"name":"(anonymous_20)","decl":{"start":{"line":159,"column":15},"end":{"line":159,"column":16}},"loc":{"start":{"line":159,"column":21},"end":{"line":170,"column":null}}},"15":{"name":"(anonymous_21)","decl":{"start":{"line":183,"column":20},"end":{"line":183,"column":21}},"loc":{"start":{"line":183,"column":26},"end":{"line":200,"column":null}}},"16":{"name":"(anonymous_22)","decl":{"start":{"line":184,"column":27},"end":{"line":184,"column":28}},"loc":{"start":{"line":184,"column":35},"end":{"line":199,"column":null}}},"17":{"name":"(anonymous_23)","decl":{"start":{"line":191,"column":31},"end":{"line":191,"column":37}},"loc":{"start":{"line":191,"column":37},"end":{"line":191,"column":null}}},"18":{"name":"(anonymous_24)","decl":{"start":{"line":192,"column":32},"end":{"line":192,"column":33}},"loc":{"start":{"line":192,"column":43},"end":{"line":192,"column":null}}}},"branchMap":{"0":{"loc":{"start":{"line":38,"column":6},"end":{"line":38,"column":null}},"type":"binary-expr","locations":[{"start":{"line":38,"column":6},"end":{"line":38,"column":23}},{"start":{"line":38,"column":23},"end":{"line":38,"column":null}}]},"1":{"loc":{"start":{"line":54,"column":11},"end":{"line":54,"column":null}},"type":"cond-expr","locations":[{"start":{"line":54,"column":55},"end":{"line":54,"column":62}},{"start":{"line":54,"column":62},"end":{"line":54,"column":null}}]},"2":{"loc":{"start":{"line":59,"column":6},"end":{"line":77,"column":null}},"type":"if","locations":[{"start":{"line":59,"column":6},"end":{"line":77,"column":null}}]},"3":{"loc":{"start":{"line":59,"column":10},"end":{"line":59,"column":88}},"type":"binary-expr","locations":[{"start":{"line":59,"column":10},"end":{"line":59,"column":48}},{"start":{"line":59,"column":48},"end":{"line":59,"column":88}}]},"4":{"loc":{"start":{"line":64,"column":8},"end":{"line":76,"column":null}},"type":"if","locations":[{"start":{"line":64,"column":8},"end":{"line":76,"column":null}}]},"5":{"loc":{"start":{"line":69,"column":12},"end":{"line":74,"column":null}},"type":"if","locations":[{"start":{"line":69,"column":12},"end":{"line":74,"column":null}}]},"6":{"loc":{"start":{"line":70,"column":14},"end":{"line":71,"column":null}},"type":"binary-expr","locations":[{"start":{"line":70,"column":14},"end":{"line":70,"column":null}},{"start":{"line":71,"column":17},"end":{"line":71,"column":null}}]},"7":{"loc":{"start":{"line":89,"column":2},"end":{"line":92,"column":null}},"type":"if","locations":[{"start":{"line":89,"column":2},"end":{"line":92,"column":null}}]},"8":{"loc":{"start":{"line":97,"column":2},"end":{"line":97,"column":null}},"type":"if","locations":[{"start":{"line":97,"column":2},"end":{"line":97,"column":null}}]},"9":{"loc":{"start":{"line":98,"column":2},"end":{"line":106,"column":null}},"type":"if","locations":[{"start":{"line":98,"column":2},"end":{"line":106,"column":null}},{"start":{"line":101,"column":9},"end":{"line":106,"column":null}}]},"10":{"loc":{"start":{"line":101,"column":9},"end":{"line":106,"column":null}},"type":"if","locations":[{"start":{"line":101,"column":9},"end":{"line":106,"column":null}},{"start":{"line":103,"column":9},"end":{"line":106,"column":null}}]},"11":{"loc":{"start":{"line":113,"column":2},"end":{"line":130,"column":null}},"type":"if","locations":[{"start":{"line":113,"column":2},"end":{"line":130,"column":null}},{"start":{"line":117,"column":9},"end":{"line":130,"column":null}}]},"12":{"loc":{"start":{"line":118,"column":4},"end":{"line":125,"column":null}},"type":"if","locations":[{"start":{"line":118,"column":4},"end":{"line":125,"column":null}},{"start":{"line":123,"column":11},"end":{"line":125,"column":null}}]},"13":{"loc":{"start":{"line":129,"column":4},"end":{"line":129,"column":null}},"type":"cond-expr","locations":[{"start":{"line":129,"column":16},"end":{"line":129,"column":38}},{"start":{"line":129,"column":38},"end":{"line":129,"column":null}}]},"14":{"loc":{"start":{"line":139,"column":6},"end":{"line":141,"column":null}},"type":"if","locations":[{"start":{"line":139,"column":6},"end":{"line":141,"column":null}}]},"15":{"loc":{"start":{"line":139,"column":10},"end":{"line":139,"column":52}},"type":"binary-expr","locations":[{"start":{"line":139,"column":10},"end":{"line":139,"column":32}},{"start":{"line":139,"column":32},"end":{"line":139,"column":52}}]},"16":{"loc":{"start":{"line":156,"column":11},"end":{"line":156,"column":null}},"type":"cond-expr","locations":[{"start":{"line":156,"column":36},"end":{"line":156,"column":65}},{"start":{"line":156,"column":65},"end":{"line":156,"column":null}}]},"17":{"loc":{"start":{"line":163,"column":10},"end":{"line":166,"column":null}},"type":"if","locations":[{"start":{"line":163,"column":10},"end":{"line":166,"column":null}}]}},"s":{"0":0,"1":1,"2":1,"3":1,"4":1,"5":1,"6":1,"7":1,"8":1,"9":6,"10":6,"11":6,"12":6,"13":6,"14":6,"15":6,"16":6,"17":6,"18":5,"19":0,"20":5,"21":5,"22":6,"23":0,"24":0,"25":0,"26":0,"27":0,"28":0,"29":0,"30":6,"31":0,"32":6,"33":0,"34":0,"35":0,"36":0,"37":0,"38":0,"39":0,"40":0,"41":0,"42":0,"43":0,"44":0,"45":0,"46":0,"47":6,"48":1,"49":1,"50":1,"51":6,"52":0,"53":0,"54":0,"55":6,"56":1,"57":1,"58":0,"59":1,"60":0,"61":0,"62":1,"63":0,"64":1,"65":1,"66":6,"67":0,"68":0,"69":0,"70":0,"71":0,"72":0,"73":0,"74":0,"75":0,"76":0,"77":0,"78":0,"79":0,"80":0,"81":0,"82":0,"83":6,"84":0,"85":0,"86":0,"87":0,"88":0,"89":0,"90":0,"91":0,"92":0,"93":0,"94":6,"95":0,"96":0,"97":0,"98":0,"99":0,"100":0,"101":0,"102":0,"103":0,"104":0,"105":0,"106":0,"107":0,"108":0,"109":0,"110":0,"111":0,"112":0,"113":0,"114":0,"115":0,"116":0,"117":60,"118":600,"119":600,"120":600,"121":0,"122":1,"123":1},"f":{"0":6,"1":5,"2":0,"3":5,"4":0,"5":0,"6":0,"7":1,"8":0,"9":1,"10":0,"11":0,"12":0,"13":0,"14":0,"15":60,"16":600,"17":0,"18":1},"b":{"0":[5,5],"1":[0,0],"2":[0],"3":[0,0],"4":[0],"5":[0],"6":[0,0],"7":[0],"8":[0],"9":[0,1],"10":[0,1],"11":[0,0],"12":[0,0],"13":[0,0],"14":[0],"15":[0,0],"16":[0,0],"17":[0]}}
,"C:\\Users\\darru\\Documents\\Travelport\\Coding\\MinesweeperReact\\MinesweeperReact\\src\\components\\MockDataLoader.jsx": {"path":"C:\\Users\\darru\\Documents\\Travelport\\Coding\\MinesweeperReact\\MinesweeperReact\\src\\components\\MockDataLoader.jsx","statementMap":{"0":{"start":{"line":4,"column":16},"end":{"line":4,"column":30}},"1":{"start":{"line":46,"column":0},"end":{"line":46,"column":15}},"2":{"start":{"line":2,"column":43},"end":{"line":2,"column":null}},"3":{"start":{"line":5,"column":34},"end":{"line":5,"column":null}},"4":{"start":{"line":6,"column":34},"end":{"line":6,"column":null}},"5":{"start":{"line":8,"column":2},"end":{"line":16,"column":null}},"6":{"start":{"line":9,"column":26},"end":{"line":13,"column":null}},"7":{"start":{"line":10,"column":6},"end":{"line":12,"column":null}},"8":{"start":{"line":11,"column":8},"end":{"line":11,"column":null}},"9":{"start":{"line":14,"column":4},"end":{"line":14,"column":null}},"10":{"start":{"line":15,"column":4},"end":{"line":15,"column":null}},"11":{"start":{"line":15,"column":17},"end":{"line":15,"column":null}},"12":{"start":{"line":18,"column":23},"end":{"line":23,"column":null}},"13":{"start":{"line":19,"column":4},"end":{"line":19,"column":null}},"14":{"start":{"line":20,"column":4},"end":{"line":20,"column":null}},"15":{"start":{"line":21,"column":4},"end":{"line":21,"column":null}},"16":{"start":{"line":22,"column":4},"end":{"line":22,"column":null}},"17":{"start":{"line":25,"column":2},"end":{"line":38,"column":null}},"18":{"start":{"line":33,"column":35},"end":{"line":33,"column":null}},"19":{"start":{"line":46,"column":15},"end":{"line":46,"column":30}}},"fnMap":{"0":{"name":"MockDataLoader","decl":{"start":{"line":4,"column":16},"end":{"line":4,"column":30}},"loc":{"start":{"line":4,"column":43},"end":{"line":44,"column":null}}},"1":{"name":"(anonymous_7)","decl":{"start":{"line":8,"column":12},"end":{"line":8,"column":null}},"loc":{"start":{"line":8,"column":12},"end":{"line":16,"column":5}}},"2":{"name":"(anonymous_8)","decl":{"start":{"line":9,"column":26},"end":{"line":9,"column":27}},"loc":{"start":{"line":9,"column":27},"end":{"line":13,"column":null}}},"3":{"name":"(anonymous_9)","decl":{"start":{"line":15,"column":11},"end":{"line":15,"column":17}},"loc":{"start":{"line":15,"column":17},"end":{"line":15,"column":null}}},"4":{"name":"(anonymous_10)","decl":{"start":{"line":18,"column":23},"end":{"line":18,"column":24}},"loc":{"start":{"line":18,"column":24},"end":{"line":23,"column":null}}},"5":{"name":"(anonymous_11)","decl":{"start":{"line":33,"column":24},"end":{"line":33,"column":25}},"loc":{"start":{"line":33,"column":35},"end":{"line":33,"column":null}}}},"branchMap":{"0":{"loc":{"start":{"line":10,"column":6},"end":{"line":12,"column":null}},"type":"if","locations":[{"start":{"line":10,"column":6},"end":{"line":12,"column":null}}]},"1":{"loc":{"start":{"line":27,"column":7},"end":{"line":38,"column":null}},"type":"binary-expr","locations":[{"start":{"line":27,"column":7},"end":{"line":27,"column":null}},{"start":{"line":28,"column":8},"end":{"line":38,"column":null}}]}},"s":{"0":6,"1":0,"2":1,"3":6,"4":6,"5":6,"6":5,"7":0,"8":0,"9":5,"10":5,"11":5,"12":6,"13":0,"14":0,"15":0,"16":0,"17":6,"18":0,"19":1},"f":{"0":6,"1":5,"2":0,"3":5,"4":0,"5":0},"b":{"0":[0],"1":[6,6]}}
,"C:\\Users\\darru\\Documents\\Travelport\\Coding\\MinesweeperReact\\MinesweeperReact\\src\\components\\Tile.jsx": {"path":"C:\\Users\\darru\\Documents\\Travelport\\Coding\\MinesweeperReact\\MinesweeperReact\\src\\components\\Tile.jsx","statementMap":{"0":{"start":{"line":3,"column":13},"end":{"line":3,"column":20}},"1":{"start":{"line":2,"column":18},"end":{"line":2,"column":null}},"2":{"start":{"line":3,"column":20},"end":{"line":11,"column":null}},"3":{"start":{"line":4,"column":20},"end":{"line":4,"column":116}},"4":{"start":{"line":6,"column":4},"end":{"line":8,"column":null}}},"fnMap":{"0":{"name":"(anonymous_2)","decl":{"start":{"line":3,"column":20},"end":{"line":3,"column":21}},"loc":{"start":{"line":3,"column":99},"end":{"line":11,"column":null}}}},"branchMap":{"0":{"loc":{"start":{"line":4,"column":27},"end":{"line":4,"column":46}},"type":"cond-expr","locations":[{"start":{"line":4,"column":35},"end":{"line":4,"column":43}},{"start":{"line":4,"column":43},"end":{"line":4,"column":46}}]},"1":{"loc":{"start":{"line":4,"column":49},"end":{"line":4,"column":81}},"type":"cond-expr","locations":[{"start":{"line":4,"column":61},"end":{"line":4,"column":78}},{"start":{"line":4,"column":78},"end":{"line":4,"column":81}}]},"2":{"loc":{"start":{"line":4,"column":84},"end":{"line":4,"column":114}},"type":"cond-expr","locations":[{"start":{"line":4,"column":95},"end":{"line":4,"column":111}},{"start":{"line":4,"column":111},"end":{"line":4,"column":114}}]}},"s":{"0":606,"1":1,"2":1,"3":606,"4":606},"f":{"0":606},"b":{"0":[6,600],"1":[0,606],"2":[0,606]}}
,"C:\\Users\\darru\\Documents\\Travelport\\Coding\\MinesweeperReact\\MinesweeperReact\\src\\components\\WinnerModal.jsx": {"path":"C:\\Users\\darru\\Documents\\Travelport\\Coding\\MinesweeperReact\\MinesweeperReact\\src\\components\\WinnerModal.jsx","statementMap":{"0":{"start":{"line":2,"column":16},"end":{"line":2,"column":28}},"1":{"start":{"line":1,"column":18},"end":{"line":1,"column":null}},"2":{"start":{"line":3,"column":2},"end":{"line":3,"column":null}},"3":{"start":{"line":3,"column":23},"end":{"line":3,"column":null}},"4":{"start":{"line":5,"column":21},"end":{"line":5,"column":null}},"5":{"start":{"line":6,"column":2},"end":{"line":9,"column":null}}},"fnMap":{"0":{"name":"WinnerText","decl":{"start":{"line":2,"column":16},"end":{"line":2,"column":28}},"loc":{"start":{"line":2,"column":38},"end":{"line":13,"column":null}}}},"branchMap":{"0":{"loc":{"start":{"line":3,"column":2},"end":{"line":3,"column":null}},"type":"if","locations":[{"start":{"line":3,"column":2},"end":{"line":3,"column":null}}]},"1":{"loc":{"start":{"line":5,"column":21},"end":{"line":5,"column":null}},"type":"cond-expr","locations":[{"start":{"line":5,"column":39},"end":{"line":5,"column":51}},{"start":{"line":5,"column":51},"end":{"line":5,"column":null}}]}},"s":{"0":6,"1":1,"2":6,"3":6,"4":0,"5":0},"f":{"0":6},"b":{"0":[6],"1":[0,0]}}
}
