TN:
SF:src\components\BoardFeatures.jsx
FN:4,BoardFeatures
FN:5,(anonymous_3)
FNF:2
FNH:2
FNDA:6,BoardFeatures
FNDA:6,(anonymous_3)
DA:2,1
DA:3,1
DA:4,6
DA:5,6
DA:6,6
DA:7,0
DA:8,6
DA:9,6
DA:11,0
DA:14,6
DA:16,6
LF:11
LH:9
BRDA:6,0,0,0
BRDA:6,0,1,6
BRDA:8,1,0,6
BRDA:8,1,1,0
BRF:4
BRH:2
end_of_record
TN:
SF:src\components\BoardLogic.js
FN:5,(anonymous_6)
FN:6,(anonymous_7)
FN:9,(anonymous_8)
FN:13,(anonymous_9)
FN:18,cloneBoard
FN:19,(anonymous_11)
FNF:6
FNH:5
FNDA:6,(anonymous_6)
FNDA:60,(anonymous_7)
FNDA:1862,(anonymous_8)
FNDA:0,(anonymous_9)
FNDA:33,cloneBoard
FNDA:330,(anonymous_11)
DA:2,1
DA:3,1
DA:5,6
DA:6,60
DA:9,1862
DA:13,1
DA:14,0
DA:18,3
DA:19,330
LF:9
LH:8
BRDA:14,0,0,0
BRDA:14,0,1,0
BRDA:14,0,2,0
BRDA:14,0,3,0
BRDA:19,1,0,30
BRDA:19,1,1,300
BRF:6
BRH:2
end_of_record
TN:
SF:src\components\Constants.jsx
FNF:0
FNH:0
DA:2,1
DA:3,73
DA:4,73
DA:5,79
DA:6,1
DA:7,1
DA:8,1
LF:7
LH:7
BRF:0
BRH:0
end_of_record
TN:
SF:src\components\HelloWorld.jsx
FN:3,(anonymous_4)
FNF:1
FNH:1
FNDA:1,(anonymous_4)
DA:2,1
DA:3,1
DA:4,1
DA:8,1
LF:4
LH:4
BRF:0
BRH:0
end_of_record
TN:
SF:src\components\MinesLogic.js
FN:6,(anonymous_5)
FN:20,(anonymous_6)
FN:35,(anonymous_7)
FN:37,(anonymous_8)
FNF:4
FNH:1
FNDA:6,(anonymous_5)
FNDA:0,(anonymous_6)
FNDA:0,(anonymous_7)
FNDA:0,(anonymous_8)
DA:1,1
DA:2,1
DA:3,1
DA:6,6
DA:7,6
DA:8,6
DA:9,61
DA:10,61
DA:11,61
DA:13,61
DA:14,60
DA:17,6
DA:20,1
DA:21,0
DA:23,0
DA:24,0
DA:25,0
DA:26,0
DA:28,0
DA:29,0
DA:32,0
DA:35,1
DA:36,0
DA:37,0
DA:38,0
DA:39,0
DA:40,0
DA:43,0
DA:44,0
LF:29
LH:14
BRDA:13,0,0,60
BRDA:28,1,0,0
BRDA:28,2,0,0
BRDA:28,2,1,0
BRDA:32,3,0,0
BRDA:32,3,1,0
BRF:6
BRH:1
end_of_record
TN:
SF:src\components\Minesweeper.jsx
FN:18,Minesweeper
FN:36,(anonymous_7)
FN:38,(anonymous_8)
FN:39,(anonymous_9)
FN:42,(anonymous_10)
FN:53,(anonymous_11)
FN:57,(anonymous_12)
FN:82,(anonymous_13)
FN:88,(anonymous_14)
FN:95,(anonymous_15)
FN:109,(anonymous_16)
FN:133,(anonymous_17)
FN:136,(anonymous_18)
FN:148,(anonymous_19)
FN:159,(anonymous_20)
FN:183,(anonymous_21)
FN:184,(anonymous_22)
FN:191,(anonymous_23)
FN:192,(anonymous_24)
FNF:19
FNH:8
FNDA:6,Minesweeper
FNDA:5,(anonymous_7)
FNDA:0,(anonymous_8)
FNDA:5,(anonymous_9)
FNDA:0,(anonymous_10)
FNDA:0,(anonymous_11)
FNDA:0,(anonymous_12)
FNDA:1,(anonymous_13)
FNDA:0,(anonymous_14)
FNDA:1,(anonymous_15)
FNDA:0,(anonymous_16)
FNDA:0,(anonymous_17)
FNDA:0,(anonymous_18)
FNDA:0,(anonymous_19)
FNDA:0,(anonymous_20)
FNDA:60,(anonymous_21)
FNDA:600,(anonymous_22)
FNDA:0,(anonymous_23)
FNDA:1,(anonymous_24)
DA:2,1
DA:3,1
DA:4,1
DA:5,1
DA:6,1
DA:7,1
DA:8,1
DA:9,1
DA:18,0
DA:20,6
DA:22,6
DA:24,6
DA:26,6
DA:28,6
DA:30,6
DA:32,6
DA:34,6
DA:36,6
DA:38,5
DA:39,5
DA:42,6
DA:43,0
DA:44,0
DA:45,0
DA:46,0
DA:47,0
DA:48,0
DA:49,0
DA:53,6
DA:54,0
DA:57,6
DA:58,0
DA:59,0
DA:60,0
DA:61,0
DA:62,0
DA:64,0
DA:65,0
DA:66,0
DA:67,0
DA:69,0
DA:73,0
DA:78,0
DA:79,0
DA:82,6
DA:83,1
DA:84,1
DA:85,1
DA:88,6
DA:89,0
DA:90,0
DA:91,0
DA:95,6
DA:96,1
DA:97,1
DA:98,1
DA:99,0
DA:100,0
DA:101,1
DA:102,0
DA:104,1
DA:105,1
DA:109,6
DA:110,0
DA:111,0
DA:112,0
DA:113,0
DA:114,0
DA:115,0
DA:116,0
DA:118,0
DA:119,0
DA:120,0
DA:121,0
DA:124,0
DA:126,0
DA:127,0
DA:128,0
DA:129,0
DA:133,6
DA:134,0
DA:135,0
DA:136,0
DA:137,0
DA:138,0
DA:139,0
DA:140,0
DA:143,0
DA:145,0
DA:148,6
DA:149,0
DA:150,0
DA:151,0
DA:152,0
DA:153,0
DA:154,0
DA:156,0
DA:158,0
DA:159,0
DA:160,0
DA:161,0
DA:162,0
DA:163,0
DA:164,0
DA:165,0
DA:167,0
DA:169,0
DA:171,0
DA:172,0
DA:173,0
DA:174,0
DA:184,60
DA:185,600
DA:186,600
DA:187,600
DA:191,0
DA:192,1
DA:214,1
LF:118
LH:43
BRDA:38,0,0,5
BRDA:38,0,1,5
BRDA:54,1,0,0
BRDA:54,1,1,0
BRDA:59,2,0,0
BRDA:59,3,0,0
BRDA:59,3,1,0
BRDA:64,4,0,0
BRDA:69,5,0,0
BRDA:70,6,0,0
BRDA:70,6,1,0
BRDA:89,7,0,0
BRDA:97,8,0,0
BRDA:98,9,0,0
BRDA:98,9,1,1
BRDA:101,10,0,0
BRDA:101,10,1,1
BRDA:113,11,0,0
BRDA:113,11,1,0
BRDA:118,12,0,0
BRDA:118,12,1,0
BRDA:129,13,0,0
BRDA:129,13,1,0
BRDA:139,14,0,0
BRDA:139,15,0,0
BRDA:139,15,1,0
BRDA:156,16,0,0
BRDA:156,16,1,0
BRDA:163,17,0,0
BRF:29
BRH:4
end_of_record
TN:
SF:src\components\MockDataLoader.jsx
FN:4,MockDataLoader
FN:8,(anonymous_7)
FN:9,(anonymous_8)
FN:15,(anonymous_9)
FN:18,(anonymous_10)
FN:33,(anonymous_11)
FNF:6
FNH:3
FNDA:6,MockDataLoader
FNDA:5,(anonymous_7)
FNDA:0,(anonymous_8)
FNDA:5,(anonymous_9)
FNDA:0,(anonymous_10)
FNDA:0,(anonymous_11)
DA:2,1
DA:4,6
DA:5,6
DA:6,6
DA:8,6
DA:9,5
DA:10,0
DA:11,0
DA:14,5
DA:15,5
DA:18,6
DA:19,0
DA:20,0
DA:21,0
DA:22,0
DA:25,6
DA:33,0
DA:46,1
LF:18
LH:11
BRDA:10,0,0,0
BRDA:27,1,0,6
BRDA:27,1,1,6
BRF:3
BRH:2
end_of_record
TN:
SF:src\components\Tile.jsx
FN:3,(anonymous_2)
FNF:1
FNH:1
FNDA:606,(anonymous_2)
DA:2,1
DA:3,606
DA:4,606
DA:6,606
LF:4
LH:4
BRDA:4,0,0,6
BRDA:4,0,1,600
BRDA:4,1,0,0
BRDA:4,1,1,606
BRDA:4,2,0,0
BRDA:4,2,1,606
BRF:6
BRH:4
end_of_record
TN:
SF:src\components\WinnerModal.jsx
FN:2,WinnerText
FNF:1
FNH:1
FNDA:6,WinnerText
DA:1,1
DA:2,6
DA:3,6
DA:5,0
DA:6,0
LF:5
LH:3
BRDA:3,0,0,6
BRDA:5,1,0,0
BRDA:5,1,1,0
BRF:3
BRH:1
end_of_record
