TN:
SF:src\components\BoardFeatures.jsx
FN:4,BoardFeatures
FN:5,(anonymous_3)
FNF:2
FNH:2
FNDA:109,BoardFeatures
FNDA:109,(anonymous_3)
DA:2,1
DA:3,1
DA:4,109
DA:5,109
DA:6,109
DA:7,6
DA:8,103
DA:9,103
DA:11,0
DA:14,109
DA:16,109
LF:11
LH:10
BRDA:6,0,0,6
BRDA:6,0,1,103
BRDA:8,1,0,103
BRDA:8,1,1,0
BRF:4
BRH:3
end_of_record
TN:
SF:src\components\BoardLogic.js
FN:5,(anonymous_6)
FN:6,(anonymous_7)
FN:9,(anonymous_8)
FN:13,(anonymous_9)
FN:18,cloneBoard
FN:19,(anonymous_11)
FNF:6
FNH:6
FNDA:109,(anonymous_6)
FNDA:1090,(anonymous_7)
FNDA:12140,(anonymous_8)
FNDA:368,(anonymous_9)
FNDA:239,cloneBoard
FNDA:457,(anonymous_11)
DA:2,1
DA:3,1
DA:5,109
DA:6,1090
DA:9,12140
DA:13,368
DA:14,368
DA:18,95
DA:19,457
LF:9
LH:9
BRDA:14,0,0,368
BRDA:14,0,1,320
BRDA:14,0,2,248
BRDA:14,0,3,241
BRDA:19,1,0,144
BRDA:19,1,1,313
BRF:6
BRH:6
end_of_record
TN:
SF:src\components\Constants.jsx
FNF:0
FNH:0
DA:2,1
DA:3,1362
DA:4,1362
DA:5,1471
DA:6,1
DA:7,782
DA:8,368
LF:7
LH:7
BRF:0
BRH:0
end_of_record
TN:
SF:src\components\HelloWorld.jsx
FN:3,(anonymous_4)
FNF:1
FNH:1
FNDA:1,(anonymous_4)
DA:2,1
DA:3,1
DA:4,1
DA:8,1
LF:4
LH:4
BRF:0
BRH:0
end_of_record
TN:
SF:src\components\MinesLogic.js
FN:6,(anonymous_5)
FN:20,(anonymous_6)
FN:35,(anonymous_7)
FN:37,(anonymous_8)
FNF:4
FNH:2
FNDA:109,(anonymous_5)
FNDA:41,(anonymous_6)
FNDA:0,(anonymous_7)
FNDA:0,(anonymous_8)
DA:1,1
DA:2,1
DA:3,1
DA:6,109
DA:7,109
DA:8,109
DA:9,1144
DA:10,1144
DA:11,1144
DA:13,1144
DA:14,1090
DA:17,109
DA:20,41
DA:21,41
DA:23,41
DA:24,328
DA:25,328
DA:26,328
DA:28,328
DA:29,95
DA:32,41
DA:35,1
DA:36,0
DA:37,0
DA:38,0
DA:39,0
DA:40,0
DA:43,0
DA:44,0
LF:29
LH:22
BRDA:13,0,0,1090
BRDA:28,1,0,95
BRDA:28,2,0,328
BRDA:28,2,1,178
BRDA:32,3,0,6
BRDA:32,3,1,35
BRF:6
BRH:6
end_of_record
TN:
SF:src\components\Minesweeper.jsx
FN:18,Minesweeper
FN:36,(anonymous_7)
FN:38,(anonymous_8)
FN:39,(anonymous_9)
FN:42,(anonymous_10)
FN:53,(anonymous_11)
FN:57,(anonymous_12)
FN:82,(anonymous_13)
FN:88,(anonymous_14)
FN:95,(anonymous_15)
FN:109,(anonymous_16)
FN:115,(anonymous_17)
FN:139,(anonymous_18)
FN:142,(anonymous_19)
FN:154,(anonymous_20)
FN:166,(anonymous_21)
FN:186,(anonymous_22)
FN:196,(anonymous_23)
FN:197,(anonymous_24)
FN:205,(anonymous_25)
FN:206,(anonymous_26)
FNF:21
FNH:19
FNDA:109,Minesweeper
FNDA:33,(anonymous_7)
FNDA:0,(anonymous_8)
FNDA:33,(anonymous_9)
FNDA:0,(anonymous_10)
FNDA:17,(anonymous_11)
FNDA:20,(anonymous_12)
FNDA:29,(anonymous_13)
FNDA:16,(anonymous_14)
FNDA:31,(anonymous_15)
FNDA:17,(anonymous_16)
FNDA:17,(anonymous_17)
FNDA:29,(anonymous_18)
FNDA:54,(anonymous_19)
FNDA:30,(anonymous_20)
FNDA:57,(anonymous_21)
FNDA:30,(anonymous_22)
FNDA:463,(anonymous_23)
FNDA:3619,(anonymous_24)
FNDA:17,(anonymous_25)
FNDA:31,(anonymous_26)
DA:2,1
DA:3,1
DA:4,1
DA:5,1
DA:6,1
DA:7,1
DA:8,1
DA:9,1
DA:18,0
DA:20,109
DA:22,109
DA:24,109
DA:26,109
DA:28,109
DA:30,109
DA:32,109
DA:34,109
DA:36,109
DA:38,33
DA:39,33
DA:42,109
DA:43,0
DA:44,0
DA:45,0
DA:46,0
DA:47,0
DA:48,0
DA:49,0
DA:53,109
DA:54,17
DA:57,109
DA:58,20
DA:59,20
DA:60,8
DA:61,8
DA:62,8
DA:64,8
DA:65,5
DA:66,40
DA:67,40
DA:69,40
DA:73,19
DA:78,20
DA:79,20
DA:82,109
DA:83,29
DA:84,29
DA:85,29
DA:88,109
DA:89,16
DA:90,16
DA:91,16
DA:95,109
DA:96,31
DA:97,31
DA:98,29
DA:99,9
DA:100,9
DA:101,20
DA:102,4
DA:104,16
DA:105,16
DA:109,109
DA:110,17
DA:111,2
DA:115,109
DA:116,17
DA:117,17
DA:118,17
DA:119,17
DA:120,0
DA:121,0
DA:122,0
DA:124,17
DA:125,17
DA:126,16
DA:127,16
DA:128,16
DA:130,1
DA:132,17
DA:133,17
DA:134,17
DA:135,17
DA:139,109
DA:140,29
DA:141,29
DA:142,29
DA:143,54
DA:144,54
DA:145,586
DA:146,133
DA:149,54
DA:151,29
DA:154,109
DA:155,30
DA:156,30
DA:157,30
DA:158,30
DA:159,30
DA:160,30
DA:161,30
DA:163,30
DA:165,30
DA:166,30
DA:167,57
DA:168,57
DA:169,57
DA:170,142
DA:171,63
DA:172,63
DA:174,142
DA:176,57
DA:179,30
DA:180,30
DA:181,30
DA:182,30
DA:183,30
DA:186,109
DA:187,30
DA:197,463
DA:198,3619
DA:199,3619
DA:201,3619
DA:205,17
DA:206,31
DA:228,1
LF:126
LH:115
BRDA:38,0,0,33
BRDA:38,0,1,33
BRDA:54,1,0,6
BRDA:54,1,1,11
BRDA:59,2,0,8
BRDA:59,3,0,20
BRDA:59,3,1,8
BRDA:64,4,0,5
BRDA:69,5,0,19
BRDA:70,6,0,40
BRDA:70,6,1,19
BRDA:89,7,0,16
BRDA:97,8,0,2
BRDA:98,9,0,9
BRDA:98,9,1,20
BRDA:101,10,0,4
BRDA:101,10,1,16
BRDA:110,11,0,2
BRDA:119,12,0,0
BRDA:119,12,1,17
BRDA:125,13,0,16
BRDA:125,13,1,1
BRDA:135,14,0,6
BRDA:135,14,1,11
BRDA:145,15,0,133
BRDA:145,16,0,586
BRDA:145,16,1,525
BRDA:163,17,0,29
BRDA:163,17,1,1
BRDA:170,18,0,63
BRF:30
BRH:29
end_of_record
TN:
SF:src\components\MockDataLoader.jsx
FN:4,MockDataLoader
FN:7,(anonymous_7)
FN:22,(anonymous_8)
FNF:3
FNH:3
FNDA:139,MockDataLoader
FNDA:30,(anonymous_7)
FNDA:30,(anonymous_8)
DA:2,1
DA:4,109
DA:5,139
DA:7,139
DA:8,30
DA:9,30
DA:10,30
DA:14,139
DA:22,30
DA:41,1
LF:10
LH:10
BRF:0
BRH:0
end_of_record
TN:
SF:src\components\Tile.jsx
FN:3,(anonymous_2)
FNF:1
FNH:1
FNDA:3728,(anonymous_2)
DA:2,1
DA:3,3728
DA:4,3728
DA:6,3728
LF:4
LH:4
BRDA:4,0,0,109
BRDA:4,0,1,3619
BRDA:4,1,0,24
BRDA:4,1,1,3704
BRDA:4,2,0,30
BRDA:4,2,1,3698
BRF:6
BRH:6
end_of_record
TN:
SF:src\components\WinnerModal.jsx
FN:2,WinnerText
FNF:1
FNH:1
FNDA:109,WinnerText
DA:1,1
DA:2,109
DA:3,109
DA:5,6
DA:6,6
LF:5
LH:5
BRDA:3,0,0,103
BRDA:5,1,0,6
BRDA:5,1,1,0
BRF:3
BRH:2
end_of_record
